ARM GAS  C:\Users\tiend\AppData\Local\Temp\cctHFh3q.s 			page 1


   1              		.cpu cortex-m4
   2              		.arch armv7e-m
   3              		.fpu fpv4-sp-d16
   4              		.eabi_attribute 27, 1
   5              		.eabi_attribute 28, 1
   6              		.eabi_attribute 20, 1
   7              		.eabi_attribute 21, 1
   8              		.eabi_attribute 23, 3
   9              		.eabi_attribute 24, 1
  10              		.eabi_attribute 25, 1
  11              		.eabi_attribute 26, 1
  12              		.eabi_attribute 30, 1
  13              		.eabi_attribute 34, 1
  14              		.eabi_attribute 18, 4
  15              		.file	"timer_software.c"
  16              		.text
  17              	.Ltext0:
  18              		.cfi_sections	.debug_frame
  19              		.section	.text.set_timer,"ax",%progbits
  20              		.align	1
  21              		.global	set_timer
  22              		.syntax unified
  23              		.thumb
  24              		.thumb_func
  26              	set_timer:
  27              	.LVL0:
  28              	.LFB134:
  29              		.file 1 "Core/Src/timer_software.c"
   1:Core/Src/timer_software.c **** #include "timer_software.h"
   2:Core/Src/timer_software.c **** #include "main.h"
   3:Core/Src/timer_software.c **** 
   4:Core/Src/timer_software.c **** int timer_counter[10] = {0}; // Mảng đếm thời gian cho 10 timer
   5:Core/Src/timer_software.c **** int timerFLag[10] = {0};    // Mảng cờ cho 10 timer
   6:Core/Src/timer_software.c **** 
   7:Core/Src/timer_software.c **** void set_timer(int index, int counter)
   8:Core/Src/timer_software.c **** {
  30              		.loc 1 8 1 view -0
  31              		.cfi_startproc
  32              		@ args = 0, pretend = 0, frame = 0
  33              		@ frame_needed = 0, uses_anonymous_args = 0
  34              		@ link register save eliminated.
   9:Core/Src/timer_software.c ****     timer_counter[index] = counter / 10;
  35              		.loc 1 9 5 view .LVU1
  36              		.loc 1 9 36 is_stmt 0 view .LVU2
  37 0000 064B     		ldr	r3, .L2
  38 0002 83FB0123 		smull	r2, r3, r3, r1
  39 0006 C917     		asrs	r1, r1, #31
  40              	.LVL1:
  41              		.loc 1 9 36 view .LVU3
  42 0008 C1EBA301 		rsb	r1, r1, r3, asr #2
  43              		.loc 1 9 26 view .LVU4
  44 000c 044B     		ldr	r3, .L2+4
  45 000e 43F82010 		str	r1, [r3, r0, lsl #2]
  10:Core/Src/timer_software.c ****     timerFLag[index] = 0;
  46              		.loc 1 10 5 is_stmt 1 view .LVU5
  47              		.loc 1 10 22 is_stmt 0 view .LVU6
  48 0012 044B     		ldr	r3, .L2+8
ARM GAS  C:\Users\tiend\AppData\Local\Temp\cctHFh3q.s 			page 2


  49 0014 0022     		movs	r2, #0
  50 0016 43F82020 		str	r2, [r3, r0, lsl #2]
  11:Core/Src/timer_software.c **** }
  51              		.loc 1 11 1 view .LVU7
  52 001a 7047     		bx	lr
  53              	.L3:
  54              		.align	2
  55              	.L2:
  56 001c 67666666 		.word	1717986919
  57 0020 00000000 		.word	.LANCHOR0
  58 0024 00000000 		.word	.LANCHOR1
  59              		.cfi_endproc
  60              	.LFE134:
  62              		.section	.text.timer_run,"ax",%progbits
  63              		.align	1
  64              		.global	timer_run
  65              		.syntax unified
  66              		.thumb
  67              		.thumb_func
  69              	timer_run:
  70              	.LFB135:
  12:Core/Src/timer_software.c **** 
  13:Core/Src/timer_software.c **** void timer_run()
  14:Core/Src/timer_software.c **** {
  71              		.loc 1 14 1 is_stmt 1 view -0
  72              		.cfi_startproc
  73              		@ args = 0, pretend = 0, frame = 0
  74              		@ frame_needed = 0, uses_anonymous_args = 0
  75              		@ link register save eliminated.
  15:Core/Src/timer_software.c ****     for(int i = 0; i < 10; i++){
  76              		.loc 1 15 5 view .LVU9
  77              	.LBB2:
  78              		.loc 1 15 9 view .LVU10
  79              	.LVL2:
  80              		.loc 1 15 13 is_stmt 0 view .LVU11
  81 0000 0023     		movs	r3, #0
  82              		.loc 1 15 5 view .LVU12
  83 0002 00E0     		b	.L5
  84              	.LVL3:
  85              	.L6:
  86              		.loc 1 15 28 is_stmt 1 discriminator 2 view .LVU13
  87              		.loc 1 15 29 is_stmt 0 discriminator 2 view .LVU14
  88 0004 0133     		adds	r3, r3, #1
  89              	.LVL4:
  90              	.L5:
  91              		.loc 1 15 20 is_stmt 1 discriminator 1 view .LVU15
  92              		.loc 1 15 5 is_stmt 0 discriminator 1 view .LVU16
  93 0006 092B     		cmp	r3, #9
  94 0008 0FDC     		bgt	.L8
  16:Core/Src/timer_software.c ****       if(timer_counter[i] > 0){
  95              		.loc 1 16 7 is_stmt 1 view .LVU17
  96              		.loc 1 16 23 is_stmt 0 view .LVU18
  97 000a 084A     		ldr	r2, .L9
  98 000c 52F82320 		ldr	r2, [r2, r3, lsl #2]
  99              		.loc 1 16 9 view .LVU19
 100 0010 002A     		cmp	r2, #0
 101 0012 F7DD     		ble	.L6
ARM GAS  C:\Users\tiend\AppData\Local\Temp\cctHFh3q.s 			page 3


  17:Core/Src/timer_software.c ****         timer_counter[i]--;
 102              		.loc 1 17 9 is_stmt 1 view .LVU20
 103              		.loc 1 17 25 is_stmt 0 view .LVU21
 104 0014 013A     		subs	r2, r2, #1
 105 0016 0549     		ldr	r1, .L9
 106 0018 41F82320 		str	r2, [r1, r3, lsl #2]
  18:Core/Src/timer_software.c ****         if(timer_counter[i] <= 0){
 107              		.loc 1 18 9 is_stmt 1 view .LVU22
 108              		.loc 1 18 11 is_stmt 0 view .LVU23
 109 001c 002A     		cmp	r2, #0
 110 001e F1DC     		bgt	.L6
  19:Core/Src/timer_software.c ****           timerFLag[i] = 1;
 111              		.loc 1 19 11 is_stmt 1 view .LVU24
 112              		.loc 1 19 24 is_stmt 0 view .LVU25
 113 0020 034A     		ldr	r2, .L9+4
 114 0022 0121     		movs	r1, #1
 115 0024 42F82310 		str	r1, [r2, r3, lsl #2]
 116 0028 ECE7     		b	.L6
 117              	.L8:
 118              	.LBE2:
  20:Core/Src/timer_software.c ****         }
  21:Core/Src/timer_software.c ****       }
  22:Core/Src/timer_software.c ****     }
  23:Core/Src/timer_software.c **** }...
 119              		.loc 1 23 1 view .LVU26
 120 002a 7047     		bx	lr
 121              	.L10:
 122              		.align	2
 123              	.L9:
 124 002c 00000000 		.word	.LANCHOR0
 125 0030 00000000 		.word	.LANCHOR1
 126              		.cfi_endproc
 127              	.LFE135:
 129              		.global	timerFLag
 130              		.global	timer_counter
 131              		.section	.bss.timerFLag,"aw",%nobits
 132              		.align	2
 133              		.set	.LANCHOR1,. + 0
 136              	timerFLag:
 137 0000 00000000 		.space	40
 137      00000000 
 137      00000000 
 137      00000000 
 137      00000000 
 138              		.section	.bss.timer_counter,"aw",%nobits
 139              		.align	2
 140              		.set	.LANCHOR0,. + 0
 143              	timer_counter:
 144 0000 00000000 		.space	40
 144      00000000 
 144      00000000 
 144      00000000 
 144      00000000 
 145              		.text
 146              	.Letext0:
 147              		.file 2 "Core/Inc/timer_software.h"
ARM GAS  C:\Users\tiend\AppData\Local\Temp\cctHFh3q.s 			page 4


DEFINED SYMBOLS
                            *ABS*:00000000 timer_software.c
C:\Users\tiend\AppData\Local\Temp\cctHFh3q.s:20     .text.set_timer:00000000 $t
C:\Users\tiend\AppData\Local\Temp\cctHFh3q.s:26     .text.set_timer:00000000 set_timer
C:\Users\tiend\AppData\Local\Temp\cctHFh3q.s:56     .text.set_timer:0000001c $d
C:\Users\tiend\AppData\Local\Temp\cctHFh3q.s:63     .text.timer_run:00000000 $t
C:\Users\tiend\AppData\Local\Temp\cctHFh3q.s:69     .text.timer_run:00000000 timer_run
C:\Users\tiend\AppData\Local\Temp\cctHFh3q.s:124    .text.timer_run:0000002c $d
C:\Users\tiend\AppData\Local\Temp\cctHFh3q.s:136    .bss.timerFLag:00000000 timerFLag
C:\Users\tiend\AppData\Local\Temp\cctHFh3q.s:143    .bss.timer_counter:00000000 timer_counter
C:\Users\tiend\AppData\Local\Temp\cctHFh3q.s:132    .bss.timerFLag:00000000 $d
C:\Users\tiend\AppData\Local\Temp\cctHFh3q.s:139    .bss.timer_counter:00000000 $d

NO UNDEFINED SYMBOLS
