ARM GAS  C:\Users\tiend\AppData\Local\Temp\cc7zlq7N.s 			page 1


   1              		.cpu cortex-m3
   2              		.arch armv7-m
   3              		.fpu softvfp
   4              		.eabi_attribute 20, 1
   5              		.eabi_attribute 21, 1
   6              		.eabi_attribute 23, 3
   7              		.eabi_attribute 24, 1
   8              		.eabi_attribute 25, 1
   9              		.eabi_attribute 26, 1
  10              		.eabi_attribute 30, 1
  11              		.eabi_attribute 34, 1
  12              		.eabi_attribute 18, 4
  13              		.file	"stm32f1xx_hal_msp.c"
  14              		.text
  15              	.Ltext0:
  16              		.cfi_sections	.debug_frame
  17              		.section	.text.HAL_MspInit,"ax",%progbits
  18              		.align	1
  19              		.global	HAL_MspInit
  20              		.syntax unified
  21              		.thumb
  22              		.thumb_func
  24              	HAL_MspInit:
  25              	.LFB65:
  26              		.file 1 "Core/Src/stm32f1xx_hal_msp.c"
   1:Core/Src/stm32f1xx_hal_msp.c **** /* USER CODE BEGIN Header */
   2:Core/Src/stm32f1xx_hal_msp.c **** /**
   3:Core/Src/stm32f1xx_hal_msp.c ****   ******************************************************************************
   4:Core/Src/stm32f1xx_hal_msp.c ****   * @file         stm32f1xx_hal_msp.c
   5:Core/Src/stm32f1xx_hal_msp.c ****   * @brief        This file provides code for the MSP Initialization
   6:Core/Src/stm32f1xx_hal_msp.c ****   *               and de-Initialization codes.
   7:Core/Src/stm32f1xx_hal_msp.c ****   ******************************************************************************
   8:Core/Src/stm32f1xx_hal_msp.c ****   * @attention
   9:Core/Src/stm32f1xx_hal_msp.c ****   *
  10:Core/Src/stm32f1xx_hal_msp.c ****   * Copyright (c) 2025 STMicroelectronics.
  11:Core/Src/stm32f1xx_hal_msp.c ****   * All rights reserved.
  12:Core/Src/stm32f1xx_hal_msp.c ****   *
  13:Core/Src/stm32f1xx_hal_msp.c ****   * This software is licensed under terms that can be found in the LICENSE file
  14:Core/Src/stm32f1xx_hal_msp.c ****   * in the root directory of this software component.
  15:Core/Src/stm32f1xx_hal_msp.c ****   * If no LICENSE file comes with this software, it is provided AS-IS.
  16:Core/Src/stm32f1xx_hal_msp.c ****   *
  17:Core/Src/stm32f1xx_hal_msp.c ****   ******************************************************************************
  18:Core/Src/stm32f1xx_hal_msp.c ****   */
  19:Core/Src/stm32f1xx_hal_msp.c **** /* USER CODE END Header */
  20:Core/Src/stm32f1xx_hal_msp.c **** 
  21:Core/Src/stm32f1xx_hal_msp.c **** /* Includes ------------------------------------------------------------------*/
  22:Core/Src/stm32f1xx_hal_msp.c **** #include "main.h"
  23:Core/Src/stm32f1xx_hal_msp.c **** /* USER CODE BEGIN Includes */
  24:Core/Src/stm32f1xx_hal_msp.c **** 
  25:Core/Src/stm32f1xx_hal_msp.c **** /* USER CODE END Includes */
  26:Core/Src/stm32f1xx_hal_msp.c **** 
  27:Core/Src/stm32f1xx_hal_msp.c **** /* Private typedef -----------------------------------------------------------*/
  28:Core/Src/stm32f1xx_hal_msp.c **** /* USER CODE BEGIN TD */
  29:Core/Src/stm32f1xx_hal_msp.c **** 
  30:Core/Src/stm32f1xx_hal_msp.c **** /* USER CODE END TD */
  31:Core/Src/stm32f1xx_hal_msp.c **** 
  32:Core/Src/stm32f1xx_hal_msp.c **** /* Private define ------------------------------------------------------------*/
ARM GAS  C:\Users\tiend\AppData\Local\Temp\cc7zlq7N.s 			page 2


  33:Core/Src/stm32f1xx_hal_msp.c **** /* USER CODE BEGIN Define */
  34:Core/Src/stm32f1xx_hal_msp.c **** 
  35:Core/Src/stm32f1xx_hal_msp.c **** /* USER CODE END Define */
  36:Core/Src/stm32f1xx_hal_msp.c **** 
  37:Core/Src/stm32f1xx_hal_msp.c **** /* Private macro -------------------------------------------------------------*/
  38:Core/Src/stm32f1xx_hal_msp.c **** /* USER CODE BEGIN Macro */
  39:Core/Src/stm32f1xx_hal_msp.c **** 
  40:Core/Src/stm32f1xx_hal_msp.c **** /* USER CODE END Macro */
  41:Core/Src/stm32f1xx_hal_msp.c **** 
  42:Core/Src/stm32f1xx_hal_msp.c **** /* Private variables ---------------------------------------------------------*/
  43:Core/Src/stm32f1xx_hal_msp.c **** /* USER CODE BEGIN PV */
  44:Core/Src/stm32f1xx_hal_msp.c **** 
  45:Core/Src/stm32f1xx_hal_msp.c **** /* USER CODE END PV */
  46:Core/Src/stm32f1xx_hal_msp.c **** 
  47:Core/Src/stm32f1xx_hal_msp.c **** /* Private function prototypes -----------------------------------------------*/
  48:Core/Src/stm32f1xx_hal_msp.c **** /* USER CODE BEGIN PFP */
  49:Core/Src/stm32f1xx_hal_msp.c **** 
  50:Core/Src/stm32f1xx_hal_msp.c **** /* USER CODE END PFP */
  51:Core/Src/stm32f1xx_hal_msp.c **** 
  52:Core/Src/stm32f1xx_hal_msp.c **** /* External functions --------------------------------------------------------*/
  53:Core/Src/stm32f1xx_hal_msp.c **** /* USER CODE BEGIN ExternalFunctions */
  54:Core/Src/stm32f1xx_hal_msp.c **** 
  55:Core/Src/stm32f1xx_hal_msp.c **** /* USER CODE END ExternalFunctions */
  56:Core/Src/stm32f1xx_hal_msp.c **** 
  57:Core/Src/stm32f1xx_hal_msp.c **** /* USER CODE BEGIN 0 */
  58:Core/Src/stm32f1xx_hal_msp.c **** 
  59:Core/Src/stm32f1xx_hal_msp.c **** /* USER CODE END 0 */
  60:Core/Src/stm32f1xx_hal_msp.c **** /**
  61:Core/Src/stm32f1xx_hal_msp.c ****   * Initializes the Global MSP.
  62:Core/Src/stm32f1xx_hal_msp.c ****   */
  63:Core/Src/stm32f1xx_hal_msp.c **** void HAL_MspInit(void)
  64:Core/Src/stm32f1xx_hal_msp.c **** {
  27              		.loc 1 64 1 view -0
  28              		.cfi_startproc
  29              		@ args = 0, pretend = 0, frame = 8
  30              		@ frame_needed = 0, uses_anonymous_args = 0
  31              		@ link register save eliminated.
  32 0000 82B0     		sub	sp, sp, #8
  33              	.LCFI0:
  34              		.cfi_def_cfa_offset 8
  65:Core/Src/stm32f1xx_hal_msp.c **** 
  66:Core/Src/stm32f1xx_hal_msp.c ****   /* USER CODE BEGIN MspInit 0 */
  67:Core/Src/stm32f1xx_hal_msp.c **** 
  68:Core/Src/stm32f1xx_hal_msp.c ****   /* USER CODE END MspInit 0 */
  69:Core/Src/stm32f1xx_hal_msp.c **** 
  70:Core/Src/stm32f1xx_hal_msp.c ****   __HAL_RCC_AFIO_CLK_ENABLE();
  35              		.loc 1 70 3 view .LVU1
  36              	.LBB2:
  37              		.loc 1 70 3 view .LVU2
  38              		.loc 1 70 3 view .LVU3
  39 0002 0E4B     		ldr	r3, .L3
  40 0004 9A69     		ldr	r2, [r3, #24]
  41 0006 42F00102 		orr	r2, r2, #1
  42 000a 9A61     		str	r2, [r3, #24]
  43              		.loc 1 70 3 view .LVU4
  44 000c 9A69     		ldr	r2, [r3, #24]
  45 000e 02F00102 		and	r2, r2, #1
ARM GAS  C:\Users\tiend\AppData\Local\Temp\cc7zlq7N.s 			page 3


  46 0012 0092     		str	r2, [sp]
  47              		.loc 1 70 3 view .LVU5
  48 0014 009A     		ldr	r2, [sp]
  49              	.LBE2:
  50              		.loc 1 70 3 view .LVU6
  71:Core/Src/stm32f1xx_hal_msp.c ****   __HAL_RCC_PWR_CLK_ENABLE();
  51              		.loc 1 71 3 view .LVU7
  52              	.LBB3:
  53              		.loc 1 71 3 view .LVU8
  54              		.loc 1 71 3 view .LVU9
  55 0016 DA69     		ldr	r2, [r3, #28]
  56 0018 42F08052 		orr	r2, r2, #268435456
  57 001c DA61     		str	r2, [r3, #28]
  58              		.loc 1 71 3 view .LVU10
  59 001e DB69     		ldr	r3, [r3, #28]
  60 0020 03F08053 		and	r3, r3, #268435456
  61 0024 0193     		str	r3, [sp, #4]
  62              		.loc 1 71 3 view .LVU11
  63 0026 019B     		ldr	r3, [sp, #4]
  64              	.LBE3:
  65              		.loc 1 71 3 view .LVU12
  72:Core/Src/stm32f1xx_hal_msp.c **** 
  73:Core/Src/stm32f1xx_hal_msp.c ****   /* System interrupt init*/
  74:Core/Src/stm32f1xx_hal_msp.c **** 
  75:Core/Src/stm32f1xx_hal_msp.c ****   /** NOJTAG: JTAG-DP Disabled and SW-DP Enabled
  76:Core/Src/stm32f1xx_hal_msp.c ****   */
  77:Core/Src/stm32f1xx_hal_msp.c ****   __HAL_AFIO_REMAP_SWJ_NOJTAG();
  66              		.loc 1 77 3 view .LVU13
  67              	.LBB4:
  68              		.loc 1 77 3 view .LVU14
  69 0028 054A     		ldr	r2, .L3+4
  70 002a 5368     		ldr	r3, [r2, #4]
  71              	.LVL0:
  72              		.loc 1 77 3 view .LVU15
  73 002c 23F0E063 		bic	r3, r3, #117440512
  74              	.LVL1:
  75              		.loc 1 77 3 view .LVU16
  76 0030 43F00073 		orr	r3, r3, #33554432
  77              	.LVL2:
  78              		.loc 1 77 3 view .LVU17
  79 0034 5360     		str	r3, [r2, #4]
  80              	.LBE4:
  81              		.loc 1 77 3 view .LVU18
  78:Core/Src/stm32f1xx_hal_msp.c **** 
  79:Core/Src/stm32f1xx_hal_msp.c ****   /* USER CODE BEGIN MspInit 1 */
  80:Core/Src/stm32f1xx_hal_msp.c **** 
  81:Core/Src/stm32f1xx_hal_msp.c ****   /* USER CODE END MspInit 1 */
  82:Core/Src/stm32f1xx_hal_msp.c **** }
  82              		.loc 1 82 1 is_stmt 0 view .LVU19
  83 0036 02B0     		add	sp, sp, #8
  84              	.LCFI1:
  85              		.cfi_def_cfa_offset 0
  86              		@ sp needed
  87 0038 7047     		bx	lr
  88              	.L4:
  89 003a 00BF     		.align	2
  90              	.L3:
ARM GAS  C:\Users\tiend\AppData\Local\Temp\cc7zlq7N.s 			page 4


  91 003c 00100240 		.word	1073876992
  92 0040 00000140 		.word	1073807360
  93              		.cfi_endproc
  94              	.LFE65:
  96              		.section	.text.HAL_ADC_MspInit,"ax",%progbits
  97              		.align	1
  98              		.global	HAL_ADC_MspInit
  99              		.syntax unified
 100              		.thumb
 101              		.thumb_func
 103              	HAL_ADC_MspInit:
 104              	.LVL3:
 105              	.LFB66:
  83:Core/Src/stm32f1xx_hal_msp.c **** 
  84:Core/Src/stm32f1xx_hal_msp.c **** /**
  85:Core/Src/stm32f1xx_hal_msp.c **** * @brief ADC MSP Initialization
  86:Core/Src/stm32f1xx_hal_msp.c **** * This function configures the hardware resources used in this example
  87:Core/Src/stm32f1xx_hal_msp.c **** * @param hadc: ADC handle pointer
  88:Core/Src/stm32f1xx_hal_msp.c **** * @retval None
  89:Core/Src/stm32f1xx_hal_msp.c **** */
  90:Core/Src/stm32f1xx_hal_msp.c **** void HAL_ADC_MspInit(ADC_HandleTypeDef* hadc)
  91:Core/Src/stm32f1xx_hal_msp.c **** {
 106              		.loc 1 91 1 is_stmt 1 view -0
 107              		.cfi_startproc
 108              		@ args = 0, pretend = 0, frame = 32
 109              		@ frame_needed = 0, uses_anonymous_args = 0
 110              		.loc 1 91 1 is_stmt 0 view .LVU21
 111 0000 00B5     		push	{lr}
 112              	.LCFI2:
 113              		.cfi_def_cfa_offset 4
 114              		.cfi_offset 14, -4
 115 0002 89B0     		sub	sp, sp, #36
 116              	.LCFI3:
 117              		.cfi_def_cfa_offset 40
  92:Core/Src/stm32f1xx_hal_msp.c ****   GPIO_InitTypeDef GPIO_InitStruct = {0};
 118              		.loc 1 92 3 is_stmt 1 view .LVU22
 119              		.loc 1 92 20 is_stmt 0 view .LVU23
 120 0004 0023     		movs	r3, #0
 121 0006 0493     		str	r3, [sp, #16]
 122 0008 0593     		str	r3, [sp, #20]
 123 000a 0693     		str	r3, [sp, #24]
 124 000c 0793     		str	r3, [sp, #28]
  93:Core/Src/stm32f1xx_hal_msp.c ****   if(hadc->Instance==ADC1)
 125              		.loc 1 93 3 is_stmt 1 view .LVU24
 126              		.loc 1 93 10 is_stmt 0 view .LVU25
 127 000e 0368     		ldr	r3, [r0]
 128              		.loc 1 93 5 view .LVU26
 129 0010 204A     		ldr	r2, .L11
 130 0012 9342     		cmp	r3, r2
 131 0014 05D0     		beq	.L9
  94:Core/Src/stm32f1xx_hal_msp.c ****   {
  95:Core/Src/stm32f1xx_hal_msp.c ****   /* USER CODE BEGIN ADC1_MspInit 0 */
  96:Core/Src/stm32f1xx_hal_msp.c **** 
  97:Core/Src/stm32f1xx_hal_msp.c ****   /* USER CODE END ADC1_MspInit 0 */
  98:Core/Src/stm32f1xx_hal_msp.c ****     /* Peripheral clock enable */
  99:Core/Src/stm32f1xx_hal_msp.c ****     __HAL_RCC_ADC1_CLK_ENABLE();
 100:Core/Src/stm32f1xx_hal_msp.c **** 
ARM GAS  C:\Users\tiend\AppData\Local\Temp\cc7zlq7N.s 			page 5


 101:Core/Src/stm32f1xx_hal_msp.c ****     __HAL_RCC_GPIOA_CLK_ENABLE();
 102:Core/Src/stm32f1xx_hal_msp.c ****     /**ADC1 GPIO Configuration
 103:Core/Src/stm32f1xx_hal_msp.c ****     PA6     ------> ADC1_IN6
 104:Core/Src/stm32f1xx_hal_msp.c ****     */
 105:Core/Src/stm32f1xx_hal_msp.c ****     GPIO_InitStruct.Pin = TPS1_Pin;
 106:Core/Src/stm32f1xx_hal_msp.c ****     GPIO_InitStruct.Mode = GPIO_MODE_ANALOG;
 107:Core/Src/stm32f1xx_hal_msp.c ****     HAL_GPIO_Init(TPS1_GPIO_Port, &GPIO_InitStruct);
 108:Core/Src/stm32f1xx_hal_msp.c **** 
 109:Core/Src/stm32f1xx_hal_msp.c ****   /* USER CODE BEGIN ADC1_MspInit 1 */
 110:Core/Src/stm32f1xx_hal_msp.c **** 
 111:Core/Src/stm32f1xx_hal_msp.c ****   /* USER CODE END ADC1_MspInit 1 */
 112:Core/Src/stm32f1xx_hal_msp.c ****   }
 113:Core/Src/stm32f1xx_hal_msp.c ****   else if(hadc->Instance==ADC2)
 132              		.loc 1 113 8 is_stmt 1 view .LVU27
 133              		.loc 1 113 10 is_stmt 0 view .LVU28
 134 0016 204A     		ldr	r2, .L11+4
 135 0018 9342     		cmp	r3, r2
 136 001a 1ED0     		beq	.L10
 137              	.LVL4:
 138              	.L5:
 114:Core/Src/stm32f1xx_hal_msp.c ****   {
 115:Core/Src/stm32f1xx_hal_msp.c ****   /* USER CODE BEGIN ADC2_MspInit 0 */
 116:Core/Src/stm32f1xx_hal_msp.c **** 
 117:Core/Src/stm32f1xx_hal_msp.c ****   /* USER CODE END ADC2_MspInit 0 */
 118:Core/Src/stm32f1xx_hal_msp.c ****     /* Peripheral clock enable */
 119:Core/Src/stm32f1xx_hal_msp.c ****     __HAL_RCC_ADC2_CLK_ENABLE();
 120:Core/Src/stm32f1xx_hal_msp.c **** 
 121:Core/Src/stm32f1xx_hal_msp.c ****     __HAL_RCC_GPIOA_CLK_ENABLE();
 122:Core/Src/stm32f1xx_hal_msp.c ****     /**ADC2 GPIO Configuration
 123:Core/Src/stm32f1xx_hal_msp.c ****     PA7     ------> ADC2_IN7
 124:Core/Src/stm32f1xx_hal_msp.c ****     */
 125:Core/Src/stm32f1xx_hal_msp.c ****     GPIO_InitStruct.Pin = TPS2_Pin;
 126:Core/Src/stm32f1xx_hal_msp.c ****     GPIO_InitStruct.Mode = GPIO_MODE_ANALOG;
 127:Core/Src/stm32f1xx_hal_msp.c ****     HAL_GPIO_Init(TPS2_GPIO_Port, &GPIO_InitStruct);
 128:Core/Src/stm32f1xx_hal_msp.c **** 
 129:Core/Src/stm32f1xx_hal_msp.c ****   /* USER CODE BEGIN ADC2_MspInit 1 */
 130:Core/Src/stm32f1xx_hal_msp.c **** 
 131:Core/Src/stm32f1xx_hal_msp.c ****   /* USER CODE END ADC2_MspInit 1 */
 132:Core/Src/stm32f1xx_hal_msp.c ****   }
 133:Core/Src/stm32f1xx_hal_msp.c **** 
 134:Core/Src/stm32f1xx_hal_msp.c **** }
 139              		.loc 1 134 1 view .LVU29
 140 001c 09B0     		add	sp, sp, #36
 141              	.LCFI4:
 142              		.cfi_remember_state
 143              		.cfi_def_cfa_offset 4
 144              		@ sp needed
 145 001e 5DF804FB 		ldr	pc, [sp], #4
 146              	.LVL5:
 147              	.L9:
 148              	.LCFI5:
 149              		.cfi_restore_state
  99:Core/Src/stm32f1xx_hal_msp.c **** 
 150              		.loc 1 99 5 is_stmt 1 view .LVU30
 151              	.LBB5:
  99:Core/Src/stm32f1xx_hal_msp.c **** 
 152              		.loc 1 99 5 view .LVU31
ARM GAS  C:\Users\tiend\AppData\Local\Temp\cc7zlq7N.s 			page 6


  99:Core/Src/stm32f1xx_hal_msp.c **** 
 153              		.loc 1 99 5 view .LVU32
 154 0022 1E4B     		ldr	r3, .L11+8
 155 0024 9A69     		ldr	r2, [r3, #24]
 156 0026 42F40072 		orr	r2, r2, #512
 157 002a 9A61     		str	r2, [r3, #24]
  99:Core/Src/stm32f1xx_hal_msp.c **** 
 158              		.loc 1 99 5 view .LVU33
 159 002c 9A69     		ldr	r2, [r3, #24]
 160 002e 02F40072 		and	r2, r2, #512
 161 0032 0092     		str	r2, [sp]
  99:Core/Src/stm32f1xx_hal_msp.c **** 
 162              		.loc 1 99 5 view .LVU34
 163 0034 009A     		ldr	r2, [sp]
 164              	.LBE5:
  99:Core/Src/stm32f1xx_hal_msp.c **** 
 165              		.loc 1 99 5 view .LVU35
 101:Core/Src/stm32f1xx_hal_msp.c ****     /**ADC1 GPIO Configuration
 166              		.loc 1 101 5 view .LVU36
 167              	.LBB6:
 101:Core/Src/stm32f1xx_hal_msp.c ****     /**ADC1 GPIO Configuration
 168              		.loc 1 101 5 view .LVU37
 101:Core/Src/stm32f1xx_hal_msp.c ****     /**ADC1 GPIO Configuration
 169              		.loc 1 101 5 view .LVU38
 170 0036 9A69     		ldr	r2, [r3, #24]
 171 0038 42F00402 		orr	r2, r2, #4
 172 003c 9A61     		str	r2, [r3, #24]
 101:Core/Src/stm32f1xx_hal_msp.c ****     /**ADC1 GPIO Configuration
 173              		.loc 1 101 5 view .LVU39
 174 003e 9B69     		ldr	r3, [r3, #24]
 175 0040 03F00403 		and	r3, r3, #4
 176 0044 0193     		str	r3, [sp, #4]
 101:Core/Src/stm32f1xx_hal_msp.c ****     /**ADC1 GPIO Configuration
 177              		.loc 1 101 5 view .LVU40
 178 0046 019B     		ldr	r3, [sp, #4]
 179              	.LBE6:
 101:Core/Src/stm32f1xx_hal_msp.c ****     /**ADC1 GPIO Configuration
 180              		.loc 1 101 5 view .LVU41
 105:Core/Src/stm32f1xx_hal_msp.c ****     GPIO_InitStruct.Mode = GPIO_MODE_ANALOG;
 181              		.loc 1 105 5 view .LVU42
 105:Core/Src/stm32f1xx_hal_msp.c ****     GPIO_InitStruct.Mode = GPIO_MODE_ANALOG;
 182              		.loc 1 105 25 is_stmt 0 view .LVU43
 183 0048 4023     		movs	r3, #64
 184 004a 0493     		str	r3, [sp, #16]
 106:Core/Src/stm32f1xx_hal_msp.c ****     HAL_GPIO_Init(TPS1_GPIO_Port, &GPIO_InitStruct);
 185              		.loc 1 106 5 is_stmt 1 view .LVU44
 106:Core/Src/stm32f1xx_hal_msp.c ****     HAL_GPIO_Init(TPS1_GPIO_Port, &GPIO_InitStruct);
 186              		.loc 1 106 26 is_stmt 0 view .LVU45
 187 004c 0323     		movs	r3, #3
 188 004e 0593     		str	r3, [sp, #20]
 107:Core/Src/stm32f1xx_hal_msp.c **** 
 189              		.loc 1 107 5 is_stmt 1 view .LVU46
 190 0050 04A9     		add	r1, sp, #16
 191 0052 1348     		ldr	r0, .L11+12
 192              	.LVL6:
 107:Core/Src/stm32f1xx_hal_msp.c **** 
 193              		.loc 1 107 5 is_stmt 0 view .LVU47
ARM GAS  C:\Users\tiend\AppData\Local\Temp\cc7zlq7N.s 			page 7


 194 0054 FFF7FEFF 		bl	HAL_GPIO_Init
 195              	.LVL7:
 196 0058 E0E7     		b	.L5
 197              	.LVL8:
 198              	.L10:
 119:Core/Src/stm32f1xx_hal_msp.c **** 
 199              		.loc 1 119 5 is_stmt 1 view .LVU48
 200              	.LBB7:
 119:Core/Src/stm32f1xx_hal_msp.c **** 
 201              		.loc 1 119 5 view .LVU49
 119:Core/Src/stm32f1xx_hal_msp.c **** 
 202              		.loc 1 119 5 view .LVU50
 203 005a 104B     		ldr	r3, .L11+8
 204 005c 9A69     		ldr	r2, [r3, #24]
 205 005e 42F48062 		orr	r2, r2, #1024
 206 0062 9A61     		str	r2, [r3, #24]
 119:Core/Src/stm32f1xx_hal_msp.c **** 
 207              		.loc 1 119 5 view .LVU51
 208 0064 9A69     		ldr	r2, [r3, #24]
 209 0066 02F48062 		and	r2, r2, #1024
 210 006a 0292     		str	r2, [sp, #8]
 119:Core/Src/stm32f1xx_hal_msp.c **** 
 211              		.loc 1 119 5 view .LVU52
 212 006c 029A     		ldr	r2, [sp, #8]
 213              	.LBE7:
 119:Core/Src/stm32f1xx_hal_msp.c **** 
 214              		.loc 1 119 5 view .LVU53
 121:Core/Src/stm32f1xx_hal_msp.c ****     /**ADC2 GPIO Configuration
 215              		.loc 1 121 5 view .LVU54
 216              	.LBB8:
 121:Core/Src/stm32f1xx_hal_msp.c ****     /**ADC2 GPIO Configuration
 217              		.loc 1 121 5 view .LVU55
 121:Core/Src/stm32f1xx_hal_msp.c ****     /**ADC2 GPIO Configuration
 218              		.loc 1 121 5 view .LVU56
 219 006e 9A69     		ldr	r2, [r3, #24]
 220 0070 42F00402 		orr	r2, r2, #4
 221 0074 9A61     		str	r2, [r3, #24]
 121:Core/Src/stm32f1xx_hal_msp.c ****     /**ADC2 GPIO Configuration
 222              		.loc 1 121 5 view .LVU57
 223 0076 9B69     		ldr	r3, [r3, #24]
 224 0078 03F00403 		and	r3, r3, #4
 225 007c 0393     		str	r3, [sp, #12]
 121:Core/Src/stm32f1xx_hal_msp.c ****     /**ADC2 GPIO Configuration
 226              		.loc 1 121 5 view .LVU58
 227 007e 039B     		ldr	r3, [sp, #12]
 228              	.LBE8:
 121:Core/Src/stm32f1xx_hal_msp.c ****     /**ADC2 GPIO Configuration
 229              		.loc 1 121 5 view .LVU59
 125:Core/Src/stm32f1xx_hal_msp.c ****     GPIO_InitStruct.Mode = GPIO_MODE_ANALOG;
 230              		.loc 1 125 5 view .LVU60
 125:Core/Src/stm32f1xx_hal_msp.c ****     GPIO_InitStruct.Mode = GPIO_MODE_ANALOG;
 231              		.loc 1 125 25 is_stmt 0 view .LVU61
 232 0080 8023     		movs	r3, #128
 233 0082 0493     		str	r3, [sp, #16]
 126:Core/Src/stm32f1xx_hal_msp.c ****     HAL_GPIO_Init(TPS2_GPIO_Port, &GPIO_InitStruct);
 234              		.loc 1 126 5 is_stmt 1 view .LVU62
 126:Core/Src/stm32f1xx_hal_msp.c ****     HAL_GPIO_Init(TPS2_GPIO_Port, &GPIO_InitStruct);
ARM GAS  C:\Users\tiend\AppData\Local\Temp\cc7zlq7N.s 			page 8


 235              		.loc 1 126 26 is_stmt 0 view .LVU63
 236 0084 0323     		movs	r3, #3
 237 0086 0593     		str	r3, [sp, #20]
 127:Core/Src/stm32f1xx_hal_msp.c **** 
 238              		.loc 1 127 5 is_stmt 1 view .LVU64
 239 0088 04A9     		add	r1, sp, #16
 240 008a 0548     		ldr	r0, .L11+12
 241              	.LVL9:
 127:Core/Src/stm32f1xx_hal_msp.c **** 
 242              		.loc 1 127 5 is_stmt 0 view .LVU65
 243 008c FFF7FEFF 		bl	HAL_GPIO_Init
 244              	.LVL10:
 245              		.loc 1 134 1 view .LVU66
 246 0090 C4E7     		b	.L5
 247              	.L12:
 248 0092 00BF     		.align	2
 249              	.L11:
 250 0094 00240140 		.word	1073816576
 251 0098 00280140 		.word	1073817600
 252 009c 00100240 		.word	1073876992
 253 00a0 00080140 		.word	1073809408
 254              		.cfi_endproc
 255              	.LFE66:
 257              		.section	.text.HAL_ADC_MspDeInit,"ax",%progbits
 258              		.align	1
 259              		.global	HAL_ADC_MspDeInit
 260              		.syntax unified
 261              		.thumb
 262              		.thumb_func
 264              	HAL_ADC_MspDeInit:
 265              	.LVL11:
 266              	.LFB67:
 135:Core/Src/stm32f1xx_hal_msp.c **** 
 136:Core/Src/stm32f1xx_hal_msp.c **** /**
 137:Core/Src/stm32f1xx_hal_msp.c **** * @brief ADC MSP De-Initialization
 138:Core/Src/stm32f1xx_hal_msp.c **** * This function freeze the hardware resources used in this example
 139:Core/Src/stm32f1xx_hal_msp.c **** * @param hadc: ADC handle pointer
 140:Core/Src/stm32f1xx_hal_msp.c **** * @retval None
 141:Core/Src/stm32f1xx_hal_msp.c **** */
 142:Core/Src/stm32f1xx_hal_msp.c **** void HAL_ADC_MspDeInit(ADC_HandleTypeDef* hadc)
 143:Core/Src/stm32f1xx_hal_msp.c **** {
 267              		.loc 1 143 1 is_stmt 1 view -0
 268              		.cfi_startproc
 269              		@ args = 0, pretend = 0, frame = 0
 270              		@ frame_needed = 0, uses_anonymous_args = 0
 271              		.loc 1 143 1 is_stmt 0 view .LVU68
 272 0000 08B5     		push	{r3, lr}
 273              	.LCFI6:
 274              		.cfi_def_cfa_offset 8
 275              		.cfi_offset 3, -8
 276              		.cfi_offset 14, -4
 144:Core/Src/stm32f1xx_hal_msp.c ****   if(hadc->Instance==ADC1)
 277              		.loc 1 144 3 is_stmt 1 view .LVU69
 278              		.loc 1 144 10 is_stmt 0 view .LVU70
 279 0002 0368     		ldr	r3, [r0]
 280              		.loc 1 144 5 view .LVU71
 281 0004 0E4A     		ldr	r2, .L19
ARM GAS  C:\Users\tiend\AppData\Local\Temp\cc7zlq7N.s 			page 9


 282 0006 9342     		cmp	r3, r2
 283 0008 03D0     		beq	.L17
 145:Core/Src/stm32f1xx_hal_msp.c ****   {
 146:Core/Src/stm32f1xx_hal_msp.c ****   /* USER CODE BEGIN ADC1_MspDeInit 0 */
 147:Core/Src/stm32f1xx_hal_msp.c **** 
 148:Core/Src/stm32f1xx_hal_msp.c ****   /* USER CODE END ADC1_MspDeInit 0 */
 149:Core/Src/stm32f1xx_hal_msp.c ****     /* Peripheral clock disable */
 150:Core/Src/stm32f1xx_hal_msp.c ****     __HAL_RCC_ADC1_CLK_DISABLE();
 151:Core/Src/stm32f1xx_hal_msp.c **** 
 152:Core/Src/stm32f1xx_hal_msp.c ****     /**ADC1 GPIO Configuration
 153:Core/Src/stm32f1xx_hal_msp.c ****     PA6     ------> ADC1_IN6
 154:Core/Src/stm32f1xx_hal_msp.c ****     */
 155:Core/Src/stm32f1xx_hal_msp.c ****     HAL_GPIO_DeInit(TPS1_GPIO_Port, TPS1_Pin);
 156:Core/Src/stm32f1xx_hal_msp.c **** 
 157:Core/Src/stm32f1xx_hal_msp.c ****   /* USER CODE BEGIN ADC1_MspDeInit 1 */
 158:Core/Src/stm32f1xx_hal_msp.c **** 
 159:Core/Src/stm32f1xx_hal_msp.c ****   /* USER CODE END ADC1_MspDeInit 1 */
 160:Core/Src/stm32f1xx_hal_msp.c ****   }
 161:Core/Src/stm32f1xx_hal_msp.c ****   else if(hadc->Instance==ADC2)
 284              		.loc 1 161 8 is_stmt 1 view .LVU72
 285              		.loc 1 161 10 is_stmt 0 view .LVU73
 286 000a 0E4A     		ldr	r2, .L19+4
 287 000c 9342     		cmp	r3, r2
 288 000e 0BD0     		beq	.L18
 289              	.LVL12:
 290              	.L13:
 162:Core/Src/stm32f1xx_hal_msp.c ****   {
 163:Core/Src/stm32f1xx_hal_msp.c ****   /* USER CODE BEGIN ADC2_MspDeInit 0 */
 164:Core/Src/stm32f1xx_hal_msp.c **** 
 165:Core/Src/stm32f1xx_hal_msp.c ****   /* USER CODE END ADC2_MspDeInit 0 */
 166:Core/Src/stm32f1xx_hal_msp.c ****     /* Peripheral clock disable */
 167:Core/Src/stm32f1xx_hal_msp.c ****     __HAL_RCC_ADC2_CLK_DISABLE();
 168:Core/Src/stm32f1xx_hal_msp.c **** 
 169:Core/Src/stm32f1xx_hal_msp.c ****     /**ADC2 GPIO Configuration
 170:Core/Src/stm32f1xx_hal_msp.c ****     PA7     ------> ADC2_IN7
 171:Core/Src/stm32f1xx_hal_msp.c ****     */
 172:Core/Src/stm32f1xx_hal_msp.c ****     HAL_GPIO_DeInit(TPS2_GPIO_Port, TPS2_Pin);
 173:Core/Src/stm32f1xx_hal_msp.c **** 
 174:Core/Src/stm32f1xx_hal_msp.c ****   /* USER CODE BEGIN ADC2_MspDeInit 1 */
 175:Core/Src/stm32f1xx_hal_msp.c **** 
 176:Core/Src/stm32f1xx_hal_msp.c ****   /* USER CODE END ADC2_MspDeInit 1 */
 177:Core/Src/stm32f1xx_hal_msp.c ****   }
 178:Core/Src/stm32f1xx_hal_msp.c **** 
 179:Core/Src/stm32f1xx_hal_msp.c **** }
 291              		.loc 1 179 1 view .LVU74
 292 0010 08BD     		pop	{r3, pc}
 293              	.LVL13:
 294              	.L17:
 150:Core/Src/stm32f1xx_hal_msp.c **** 
 295              		.loc 1 150 5 is_stmt 1 view .LVU75
 296 0012 02F56C42 		add	r2, r2, #60416
 297 0016 9369     		ldr	r3, [r2, #24]
 298 0018 23F40073 		bic	r3, r3, #512
 299 001c 9361     		str	r3, [r2, #24]
 155:Core/Src/stm32f1xx_hal_msp.c **** 
 300              		.loc 1 155 5 view .LVU76
 301 001e 4021     		movs	r1, #64
ARM GAS  C:\Users\tiend\AppData\Local\Temp\cc7zlq7N.s 			page 10


 302 0020 0948     		ldr	r0, .L19+8
 303              	.LVL14:
 155:Core/Src/stm32f1xx_hal_msp.c **** 
 304              		.loc 1 155 5 is_stmt 0 view .LVU77
 305 0022 FFF7FEFF 		bl	HAL_GPIO_DeInit
 306              	.LVL15:
 307 0026 F3E7     		b	.L13
 308              	.LVL16:
 309              	.L18:
 167:Core/Src/stm32f1xx_hal_msp.c **** 
 310              		.loc 1 167 5 is_stmt 1 view .LVU78
 311 0028 02F56842 		add	r2, r2, #59392
 312 002c 9369     		ldr	r3, [r2, #24]
 313 002e 23F48063 		bic	r3, r3, #1024
 314 0032 9361     		str	r3, [r2, #24]
 172:Core/Src/stm32f1xx_hal_msp.c **** 
 315              		.loc 1 172 5 view .LVU79
 316 0034 8021     		movs	r1, #128
 317 0036 0448     		ldr	r0, .L19+8
 318              	.LVL17:
 172:Core/Src/stm32f1xx_hal_msp.c **** 
 319              		.loc 1 172 5 is_stmt 0 view .LVU80
 320 0038 FFF7FEFF 		bl	HAL_GPIO_DeInit
 321              	.LVL18:
 322              		.loc 1 179 1 view .LVU81
 323 003c E8E7     		b	.L13
 324              	.L20:
 325 003e 00BF     		.align	2
 326              	.L19:
 327 0040 00240140 		.word	1073816576
 328 0044 00280140 		.word	1073817600
 329 0048 00080140 		.word	1073809408
 330              		.cfi_endproc
 331              	.LFE67:
 333              		.section	.text.HAL_CAN_MspInit,"ax",%progbits
 334              		.align	1
 335              		.global	HAL_CAN_MspInit
 336              		.syntax unified
 337              		.thumb
 338              		.thumb_func
 340              	HAL_CAN_MspInit:
 341              	.LVL19:
 342              	.LFB68:
 180:Core/Src/stm32f1xx_hal_msp.c **** 
 181:Core/Src/stm32f1xx_hal_msp.c **** /**
 182:Core/Src/stm32f1xx_hal_msp.c **** * @brief CAN MSP Initialization
 183:Core/Src/stm32f1xx_hal_msp.c **** * This function configures the hardware resources used in this example
 184:Core/Src/stm32f1xx_hal_msp.c **** * @param hcan: CAN handle pointer
 185:Core/Src/stm32f1xx_hal_msp.c **** * @retval None
 186:Core/Src/stm32f1xx_hal_msp.c **** */
 187:Core/Src/stm32f1xx_hal_msp.c **** void HAL_CAN_MspInit(CAN_HandleTypeDef* hcan)
 188:Core/Src/stm32f1xx_hal_msp.c **** {
 343              		.loc 1 188 1 is_stmt 1 view -0
 344              		.cfi_startproc
 345              		@ args = 0, pretend = 0, frame = 24
 346              		@ frame_needed = 0, uses_anonymous_args = 0
 347              		.loc 1 188 1 is_stmt 0 view .LVU83
ARM GAS  C:\Users\tiend\AppData\Local\Temp\cc7zlq7N.s 			page 11


 348 0000 30B5     		push	{r4, r5, lr}
 349              	.LCFI7:
 350              		.cfi_def_cfa_offset 12
 351              		.cfi_offset 4, -12
 352              		.cfi_offset 5, -8
 353              		.cfi_offset 14, -4
 354 0002 87B0     		sub	sp, sp, #28
 355              	.LCFI8:
 356              		.cfi_def_cfa_offset 40
 189:Core/Src/stm32f1xx_hal_msp.c ****   GPIO_InitTypeDef GPIO_InitStruct = {0};
 357              		.loc 1 189 3 is_stmt 1 view .LVU84
 358              		.loc 1 189 20 is_stmt 0 view .LVU85
 359 0004 0023     		movs	r3, #0
 360 0006 0293     		str	r3, [sp, #8]
 361 0008 0393     		str	r3, [sp, #12]
 362 000a 0493     		str	r3, [sp, #16]
 363 000c 0593     		str	r3, [sp, #20]
 190:Core/Src/stm32f1xx_hal_msp.c ****   if(hcan->Instance==CAN1)
 364              		.loc 1 190 3 is_stmt 1 view .LVU86
 365              		.loc 1 190 10 is_stmt 0 view .LVU87
 366 000e 0268     		ldr	r2, [r0]
 367              		.loc 1 190 5 view .LVU88
 368 0010 264B     		ldr	r3, .L25
 369 0012 9A42     		cmp	r2, r3
 370 0014 01D0     		beq	.L24
 371              	.LVL20:
 372              	.L21:
 191:Core/Src/stm32f1xx_hal_msp.c ****   {
 192:Core/Src/stm32f1xx_hal_msp.c ****   /* USER CODE BEGIN CAN1_MspInit 0 */
 193:Core/Src/stm32f1xx_hal_msp.c **** 
 194:Core/Src/stm32f1xx_hal_msp.c ****   /* USER CODE END CAN1_MspInit 0 */
 195:Core/Src/stm32f1xx_hal_msp.c ****     /* Peripheral clock enable */
 196:Core/Src/stm32f1xx_hal_msp.c ****     __HAL_RCC_CAN1_CLK_ENABLE();
 197:Core/Src/stm32f1xx_hal_msp.c **** 
 198:Core/Src/stm32f1xx_hal_msp.c ****     __HAL_RCC_GPIOA_CLK_ENABLE();
 199:Core/Src/stm32f1xx_hal_msp.c ****     /**CAN GPIO Configuration
 200:Core/Src/stm32f1xx_hal_msp.c ****     PA11     ------> CAN_RX
 201:Core/Src/stm32f1xx_hal_msp.c ****     PA12     ------> CAN_TX
 202:Core/Src/stm32f1xx_hal_msp.c ****     */
 203:Core/Src/stm32f1xx_hal_msp.c ****     GPIO_InitStruct.Pin = GPIO_PIN_11;
 204:Core/Src/stm32f1xx_hal_msp.c ****     GPIO_InitStruct.Mode = GPIO_MODE_INPUT;
 205:Core/Src/stm32f1xx_hal_msp.c ****     GPIO_InitStruct.Pull = GPIO_NOPULL;
 206:Core/Src/stm32f1xx_hal_msp.c ****     HAL_GPIO_Init(GPIOA, &GPIO_InitStruct);
 207:Core/Src/stm32f1xx_hal_msp.c **** 
 208:Core/Src/stm32f1xx_hal_msp.c ****     GPIO_InitStruct.Pin = GPIO_PIN_12;
 209:Core/Src/stm32f1xx_hal_msp.c ****     GPIO_InitStruct.Mode = GPIO_MODE_AF_PP;
 210:Core/Src/stm32f1xx_hal_msp.c ****     GPIO_InitStruct.Speed = GPIO_SPEED_FREQ_HIGH;
 211:Core/Src/stm32f1xx_hal_msp.c ****     HAL_GPIO_Init(GPIOA, &GPIO_InitStruct);
 212:Core/Src/stm32f1xx_hal_msp.c **** 
 213:Core/Src/stm32f1xx_hal_msp.c ****     /* CAN1 interrupt Init */
 214:Core/Src/stm32f1xx_hal_msp.c ****     HAL_NVIC_SetPriority(USB_HP_CAN1_TX_IRQn, 2, 0);
 215:Core/Src/stm32f1xx_hal_msp.c ****     HAL_NVIC_EnableIRQ(USB_HP_CAN1_TX_IRQn);
 216:Core/Src/stm32f1xx_hal_msp.c ****     HAL_NVIC_SetPriority(USB_LP_CAN1_RX0_IRQn, 2, 0);
 217:Core/Src/stm32f1xx_hal_msp.c ****     HAL_NVIC_EnableIRQ(USB_LP_CAN1_RX0_IRQn);
 218:Core/Src/stm32f1xx_hal_msp.c ****     HAL_NVIC_SetPriority(CAN1_RX1_IRQn, 2, 0);
 219:Core/Src/stm32f1xx_hal_msp.c ****     HAL_NVIC_EnableIRQ(CAN1_RX1_IRQn);
 220:Core/Src/stm32f1xx_hal_msp.c ****     HAL_NVIC_SetPriority(CAN1_SCE_IRQn, 2, 0);
ARM GAS  C:\Users\tiend\AppData\Local\Temp\cc7zlq7N.s 			page 12


 221:Core/Src/stm32f1xx_hal_msp.c ****     HAL_NVIC_EnableIRQ(CAN1_SCE_IRQn);
 222:Core/Src/stm32f1xx_hal_msp.c ****   /* USER CODE BEGIN CAN1_MspInit 1 */
 223:Core/Src/stm32f1xx_hal_msp.c **** 
 224:Core/Src/stm32f1xx_hal_msp.c ****   /* USER CODE END CAN1_MspInit 1 */
 225:Core/Src/stm32f1xx_hal_msp.c ****   }
 226:Core/Src/stm32f1xx_hal_msp.c **** 
 227:Core/Src/stm32f1xx_hal_msp.c **** }
 373              		.loc 1 227 1 view .LVU89
 374 0016 07B0     		add	sp, sp, #28
 375              	.LCFI9:
 376              		.cfi_remember_state
 377              		.cfi_def_cfa_offset 12
 378              		@ sp needed
 379 0018 30BD     		pop	{r4, r5, pc}
 380              	.LVL21:
 381              	.L24:
 382              	.LCFI10:
 383              		.cfi_restore_state
 196:Core/Src/stm32f1xx_hal_msp.c **** 
 384              		.loc 1 196 5 is_stmt 1 view .LVU90
 385              	.LBB9:
 196:Core/Src/stm32f1xx_hal_msp.c **** 
 386              		.loc 1 196 5 view .LVU91
 196:Core/Src/stm32f1xx_hal_msp.c **** 
 387              		.loc 1 196 5 view .LVU92
 388 001a 03F5D633 		add	r3, r3, #109568
 389 001e DA69     		ldr	r2, [r3, #28]
 390 0020 42F00072 		orr	r2, r2, #33554432
 391 0024 DA61     		str	r2, [r3, #28]
 196:Core/Src/stm32f1xx_hal_msp.c **** 
 392              		.loc 1 196 5 view .LVU93
 393 0026 DA69     		ldr	r2, [r3, #28]
 394 0028 02F00072 		and	r2, r2, #33554432
 395 002c 0092     		str	r2, [sp]
 196:Core/Src/stm32f1xx_hal_msp.c **** 
 396              		.loc 1 196 5 view .LVU94
 397 002e 009A     		ldr	r2, [sp]
 398              	.LBE9:
 196:Core/Src/stm32f1xx_hal_msp.c **** 
 399              		.loc 1 196 5 view .LVU95
 198:Core/Src/stm32f1xx_hal_msp.c ****     /**CAN GPIO Configuration
 400              		.loc 1 198 5 view .LVU96
 401              	.LBB10:
 198:Core/Src/stm32f1xx_hal_msp.c ****     /**CAN GPIO Configuration
 402              		.loc 1 198 5 view .LVU97
 198:Core/Src/stm32f1xx_hal_msp.c ****     /**CAN GPIO Configuration
 403              		.loc 1 198 5 view .LVU98
 404 0030 9A69     		ldr	r2, [r3, #24]
 405 0032 42F00402 		orr	r2, r2, #4
 406 0036 9A61     		str	r2, [r3, #24]
 198:Core/Src/stm32f1xx_hal_msp.c ****     /**CAN GPIO Configuration
 407              		.loc 1 198 5 view .LVU99
 408 0038 9B69     		ldr	r3, [r3, #24]
 409 003a 03F00403 		and	r3, r3, #4
 410 003e 0193     		str	r3, [sp, #4]
 198:Core/Src/stm32f1xx_hal_msp.c ****     /**CAN GPIO Configuration
 411              		.loc 1 198 5 view .LVU100
ARM GAS  C:\Users\tiend\AppData\Local\Temp\cc7zlq7N.s 			page 13


 412 0040 019B     		ldr	r3, [sp, #4]
 413              	.LBE10:
 198:Core/Src/stm32f1xx_hal_msp.c ****     /**CAN GPIO Configuration
 414              		.loc 1 198 5 view .LVU101
 203:Core/Src/stm32f1xx_hal_msp.c ****     GPIO_InitStruct.Mode = GPIO_MODE_INPUT;
 415              		.loc 1 203 5 view .LVU102
 203:Core/Src/stm32f1xx_hal_msp.c ****     GPIO_InitStruct.Mode = GPIO_MODE_INPUT;
 416              		.loc 1 203 25 is_stmt 0 view .LVU103
 417 0042 4FF40063 		mov	r3, #2048
 418 0046 0293     		str	r3, [sp, #8]
 204:Core/Src/stm32f1xx_hal_msp.c ****     GPIO_InitStruct.Pull = GPIO_NOPULL;
 419              		.loc 1 204 5 is_stmt 1 view .LVU104
 205:Core/Src/stm32f1xx_hal_msp.c ****     HAL_GPIO_Init(GPIOA, &GPIO_InitStruct);
 420              		.loc 1 205 5 view .LVU105
 206:Core/Src/stm32f1xx_hal_msp.c **** 
 421              		.loc 1 206 5 view .LVU106
 422 0048 194D     		ldr	r5, .L25+4
 423 004a 02A9     		add	r1, sp, #8
 424 004c 2846     		mov	r0, r5
 425              	.LVL22:
 206:Core/Src/stm32f1xx_hal_msp.c **** 
 426              		.loc 1 206 5 is_stmt 0 view .LVU107
 427 004e FFF7FEFF 		bl	HAL_GPIO_Init
 428              	.LVL23:
 208:Core/Src/stm32f1xx_hal_msp.c ****     GPIO_InitStruct.Mode = GPIO_MODE_AF_PP;
 429              		.loc 1 208 5 is_stmt 1 view .LVU108
 208:Core/Src/stm32f1xx_hal_msp.c ****     GPIO_InitStruct.Mode = GPIO_MODE_AF_PP;
 430              		.loc 1 208 25 is_stmt 0 view .LVU109
 431 0052 4FF48053 		mov	r3, #4096
 432 0056 0293     		str	r3, [sp, #8]
 209:Core/Src/stm32f1xx_hal_msp.c ****     GPIO_InitStruct.Speed = GPIO_SPEED_FREQ_HIGH;
 433              		.loc 1 209 5 is_stmt 1 view .LVU110
 209:Core/Src/stm32f1xx_hal_msp.c ****     GPIO_InitStruct.Speed = GPIO_SPEED_FREQ_HIGH;
 434              		.loc 1 209 26 is_stmt 0 view .LVU111
 435 0058 0224     		movs	r4, #2
 436 005a 0394     		str	r4, [sp, #12]
 210:Core/Src/stm32f1xx_hal_msp.c ****     HAL_GPIO_Init(GPIOA, &GPIO_InitStruct);
 437              		.loc 1 210 5 is_stmt 1 view .LVU112
 210:Core/Src/stm32f1xx_hal_msp.c ****     HAL_GPIO_Init(GPIOA, &GPIO_InitStruct);
 438              		.loc 1 210 27 is_stmt 0 view .LVU113
 439 005c 0323     		movs	r3, #3
 440 005e 0593     		str	r3, [sp, #20]
 211:Core/Src/stm32f1xx_hal_msp.c **** 
 441              		.loc 1 211 5 is_stmt 1 view .LVU114
 442 0060 02A9     		add	r1, sp, #8
 443 0062 2846     		mov	r0, r5
 444 0064 FFF7FEFF 		bl	HAL_GPIO_Init
 445              	.LVL24:
 214:Core/Src/stm32f1xx_hal_msp.c ****     HAL_NVIC_EnableIRQ(USB_HP_CAN1_TX_IRQn);
 446              		.loc 1 214 5 view .LVU115
 447 0068 0022     		movs	r2, #0
 448 006a 2146     		mov	r1, r4
 449 006c 1320     		movs	r0, #19
 450 006e FFF7FEFF 		bl	HAL_NVIC_SetPriority
 451              	.LVL25:
 215:Core/Src/stm32f1xx_hal_msp.c ****     HAL_NVIC_SetPriority(USB_LP_CAN1_RX0_IRQn, 2, 0);
 452              		.loc 1 215 5 view .LVU116
ARM GAS  C:\Users\tiend\AppData\Local\Temp\cc7zlq7N.s 			page 14


 453 0072 1320     		movs	r0, #19
 454 0074 FFF7FEFF 		bl	HAL_NVIC_EnableIRQ
 455              	.LVL26:
 216:Core/Src/stm32f1xx_hal_msp.c ****     HAL_NVIC_EnableIRQ(USB_LP_CAN1_RX0_IRQn);
 456              		.loc 1 216 5 view .LVU117
 457 0078 0022     		movs	r2, #0
 458 007a 2146     		mov	r1, r4
 459 007c 1420     		movs	r0, #20
 460 007e FFF7FEFF 		bl	HAL_NVIC_SetPriority
 461              	.LVL27:
 217:Core/Src/stm32f1xx_hal_msp.c ****     HAL_NVIC_SetPriority(CAN1_RX1_IRQn, 2, 0);
 462              		.loc 1 217 5 view .LVU118
 463 0082 1420     		movs	r0, #20
 464 0084 FFF7FEFF 		bl	HAL_NVIC_EnableIRQ
 465              	.LVL28:
 218:Core/Src/stm32f1xx_hal_msp.c ****     HAL_NVIC_EnableIRQ(CAN1_RX1_IRQn);
 466              		.loc 1 218 5 view .LVU119
 467 0088 0022     		movs	r2, #0
 468 008a 2146     		mov	r1, r4
 469 008c 1520     		movs	r0, #21
 470 008e FFF7FEFF 		bl	HAL_NVIC_SetPriority
 471              	.LVL29:
 219:Core/Src/stm32f1xx_hal_msp.c ****     HAL_NVIC_SetPriority(CAN1_SCE_IRQn, 2, 0);
 472              		.loc 1 219 5 view .LVU120
 473 0092 1520     		movs	r0, #21
 474 0094 FFF7FEFF 		bl	HAL_NVIC_EnableIRQ
 475              	.LVL30:
 220:Core/Src/stm32f1xx_hal_msp.c ****     HAL_NVIC_EnableIRQ(CAN1_SCE_IRQn);
 476              		.loc 1 220 5 view .LVU121
 477 0098 0022     		movs	r2, #0
 478 009a 2146     		mov	r1, r4
 479 009c 1620     		movs	r0, #22
 480 009e FFF7FEFF 		bl	HAL_NVIC_SetPriority
 481              	.LVL31:
 221:Core/Src/stm32f1xx_hal_msp.c ****   /* USER CODE BEGIN CAN1_MspInit 1 */
 482              		.loc 1 221 5 view .LVU122
 483 00a2 1620     		movs	r0, #22
 484 00a4 FFF7FEFF 		bl	HAL_NVIC_EnableIRQ
 485              	.LVL32:
 486              		.loc 1 227 1 is_stmt 0 view .LVU123
 487 00a8 B5E7     		b	.L21
 488              	.L26:
 489 00aa 00BF     		.align	2
 490              	.L25:
 491 00ac 00640040 		.word	1073767424
 492 00b0 00080140 		.word	1073809408
 493              		.cfi_endproc
 494              	.LFE68:
 496              		.section	.text.HAL_CAN_MspDeInit,"ax",%progbits
 497              		.align	1
 498              		.global	HAL_CAN_MspDeInit
 499              		.syntax unified
 500              		.thumb
 501              		.thumb_func
 503              	HAL_CAN_MspDeInit:
 504              	.LVL33:
 505              	.LFB69:
ARM GAS  C:\Users\tiend\AppData\Local\Temp\cc7zlq7N.s 			page 15


 228:Core/Src/stm32f1xx_hal_msp.c **** 
 229:Core/Src/stm32f1xx_hal_msp.c **** /**
 230:Core/Src/stm32f1xx_hal_msp.c **** * @brief CAN MSP De-Initialization
 231:Core/Src/stm32f1xx_hal_msp.c **** * This function freeze the hardware resources used in this example
 232:Core/Src/stm32f1xx_hal_msp.c **** * @param hcan: CAN handle pointer
 233:Core/Src/stm32f1xx_hal_msp.c **** * @retval None
 234:Core/Src/stm32f1xx_hal_msp.c **** */
 235:Core/Src/stm32f1xx_hal_msp.c **** void HAL_CAN_MspDeInit(CAN_HandleTypeDef* hcan)
 236:Core/Src/stm32f1xx_hal_msp.c **** {
 506              		.loc 1 236 1 is_stmt 1 view -0
 507              		.cfi_startproc
 508              		@ args = 0, pretend = 0, frame = 0
 509              		@ frame_needed = 0, uses_anonymous_args = 0
 510              		.loc 1 236 1 is_stmt 0 view .LVU125
 511 0000 08B5     		push	{r3, lr}
 512              	.LCFI11:
 513              		.cfi_def_cfa_offset 8
 514              		.cfi_offset 3, -8
 515              		.cfi_offset 14, -4
 237:Core/Src/stm32f1xx_hal_msp.c ****   if(hcan->Instance==CAN1)
 516              		.loc 1 237 3 is_stmt 1 view .LVU126
 517              		.loc 1 237 10 is_stmt 0 view .LVU127
 518 0002 0268     		ldr	r2, [r0]
 519              		.loc 1 237 5 view .LVU128
 520 0004 0D4B     		ldr	r3, .L31
 521 0006 9A42     		cmp	r2, r3
 522 0008 00D0     		beq	.L30
 523              	.LVL34:
 524              	.L27:
 238:Core/Src/stm32f1xx_hal_msp.c ****   {
 239:Core/Src/stm32f1xx_hal_msp.c ****   /* USER CODE BEGIN CAN1_MspDeInit 0 */
 240:Core/Src/stm32f1xx_hal_msp.c **** 
 241:Core/Src/stm32f1xx_hal_msp.c ****   /* USER CODE END CAN1_MspDeInit 0 */
 242:Core/Src/stm32f1xx_hal_msp.c ****     /* Peripheral clock disable */
 243:Core/Src/stm32f1xx_hal_msp.c ****     __HAL_RCC_CAN1_CLK_DISABLE();
 244:Core/Src/stm32f1xx_hal_msp.c **** 
 245:Core/Src/stm32f1xx_hal_msp.c ****     /**CAN GPIO Configuration
 246:Core/Src/stm32f1xx_hal_msp.c ****     PA11     ------> CAN_RX
 247:Core/Src/stm32f1xx_hal_msp.c ****     PA12     ------> CAN_TX
 248:Core/Src/stm32f1xx_hal_msp.c ****     */
 249:Core/Src/stm32f1xx_hal_msp.c ****     HAL_GPIO_DeInit(GPIOA, GPIO_PIN_11|GPIO_PIN_12);
 250:Core/Src/stm32f1xx_hal_msp.c **** 
 251:Core/Src/stm32f1xx_hal_msp.c ****     /* CAN1 interrupt DeInit */
 252:Core/Src/stm32f1xx_hal_msp.c ****     HAL_NVIC_DisableIRQ(USB_HP_CAN1_TX_IRQn);
 253:Core/Src/stm32f1xx_hal_msp.c ****     HAL_NVIC_DisableIRQ(USB_LP_CAN1_RX0_IRQn);
 254:Core/Src/stm32f1xx_hal_msp.c ****     HAL_NVIC_DisableIRQ(CAN1_RX1_IRQn);
 255:Core/Src/stm32f1xx_hal_msp.c ****     HAL_NVIC_DisableIRQ(CAN1_SCE_IRQn);
 256:Core/Src/stm32f1xx_hal_msp.c ****   /* USER CODE BEGIN CAN1_MspDeInit 1 */
 257:Core/Src/stm32f1xx_hal_msp.c **** 
 258:Core/Src/stm32f1xx_hal_msp.c ****   /* USER CODE END CAN1_MspDeInit 1 */
 259:Core/Src/stm32f1xx_hal_msp.c ****   }
 260:Core/Src/stm32f1xx_hal_msp.c **** 
 261:Core/Src/stm32f1xx_hal_msp.c **** }
 525              		.loc 1 261 1 view .LVU129
 526 000a 08BD     		pop	{r3, pc}
 527              	.LVL35:
 528              	.L30:
ARM GAS  C:\Users\tiend\AppData\Local\Temp\cc7zlq7N.s 			page 16


 243:Core/Src/stm32f1xx_hal_msp.c **** 
 529              		.loc 1 243 5 is_stmt 1 view .LVU130
 530 000c 0C4A     		ldr	r2, .L31+4
 531 000e D369     		ldr	r3, [r2, #28]
 532 0010 23F00073 		bic	r3, r3, #33554432
 533 0014 D361     		str	r3, [r2, #28]
 249:Core/Src/stm32f1xx_hal_msp.c **** 
 534              		.loc 1 249 5 view .LVU131
 535 0016 4FF4C051 		mov	r1, #6144
 536 001a 0A48     		ldr	r0, .L31+8
 537              	.LVL36:
 249:Core/Src/stm32f1xx_hal_msp.c **** 
 538              		.loc 1 249 5 is_stmt 0 view .LVU132
 539 001c FFF7FEFF 		bl	HAL_GPIO_DeInit
 540              	.LVL37:
 252:Core/Src/stm32f1xx_hal_msp.c ****     HAL_NVIC_DisableIRQ(USB_LP_CAN1_RX0_IRQn);
 541              		.loc 1 252 5 is_stmt 1 view .LVU133
 542 0020 1320     		movs	r0, #19
 543 0022 FFF7FEFF 		bl	HAL_NVIC_DisableIRQ
 544              	.LVL38:
 253:Core/Src/stm32f1xx_hal_msp.c ****     HAL_NVIC_DisableIRQ(CAN1_RX1_IRQn);
 545              		.loc 1 253 5 view .LVU134
 546 0026 1420     		movs	r0, #20
 547 0028 FFF7FEFF 		bl	HAL_NVIC_DisableIRQ
 548              	.LVL39:
 254:Core/Src/stm32f1xx_hal_msp.c ****     HAL_NVIC_DisableIRQ(CAN1_SCE_IRQn);
 549              		.loc 1 254 5 view .LVU135
 550 002c 1520     		movs	r0, #21
 551 002e FFF7FEFF 		bl	HAL_NVIC_DisableIRQ
 552              	.LVL40:
 255:Core/Src/stm32f1xx_hal_msp.c ****   /* USER CODE BEGIN CAN1_MspDeInit 1 */
 553              		.loc 1 255 5 view .LVU136
 554 0032 1620     		movs	r0, #22
 555 0034 FFF7FEFF 		bl	HAL_NVIC_DisableIRQ
 556              	.LVL41:
 557              		.loc 1 261 1 is_stmt 0 view .LVU137
 558 0038 E7E7     		b	.L27
 559              	.L32:
 560 003a 00BF     		.align	2
 561              	.L31:
 562 003c 00640040 		.word	1073767424
 563 0040 00100240 		.word	1073876992
 564 0044 00080140 		.word	1073809408
 565              		.cfi_endproc
 566              	.LFE69:
 568              		.section	.text.HAL_TIM_Base_MspInit,"ax",%progbits
 569              		.align	1
 570              		.global	HAL_TIM_Base_MspInit
 571              		.syntax unified
 572              		.thumb
 573              		.thumb_func
 575              	HAL_TIM_Base_MspInit:
 576              	.LVL42:
 577              	.LFB70:
 262:Core/Src/stm32f1xx_hal_msp.c **** 
 263:Core/Src/stm32f1xx_hal_msp.c **** /**
 264:Core/Src/stm32f1xx_hal_msp.c **** * @brief TIM_Base MSP Initialization
ARM GAS  C:\Users\tiend\AppData\Local\Temp\cc7zlq7N.s 			page 17


 265:Core/Src/stm32f1xx_hal_msp.c **** * This function configures the hardware resources used in this example
 266:Core/Src/stm32f1xx_hal_msp.c **** * @param htim_base: TIM_Base handle pointer
 267:Core/Src/stm32f1xx_hal_msp.c **** * @retval None
 268:Core/Src/stm32f1xx_hal_msp.c **** */
 269:Core/Src/stm32f1xx_hal_msp.c **** void HAL_TIM_Base_MspInit(TIM_HandleTypeDef* htim_base)
 270:Core/Src/stm32f1xx_hal_msp.c **** {
 578              		.loc 1 270 1 is_stmt 1 view -0
 579              		.cfi_startproc
 580              		@ args = 0, pretend = 0, frame = 8
 581              		@ frame_needed = 0, uses_anonymous_args = 0
 271:Core/Src/stm32f1xx_hal_msp.c ****   if(htim_base->Instance==TIM2)
 582              		.loc 1 271 3 view .LVU139
 583              		.loc 1 271 15 is_stmt 0 view .LVU140
 584 0000 0368     		ldr	r3, [r0]
 585              		.loc 1 271 5 view .LVU141
 586 0002 B3F1804F 		cmp	r3, #1073741824
 587 0006 00D0     		beq	.L39
 588 0008 7047     		bx	lr
 589              	.L39:
 270:Core/Src/stm32f1xx_hal_msp.c ****   if(htim_base->Instance==TIM2)
 590              		.loc 1 270 1 view .LVU142
 591 000a 00B5     		push	{lr}
 592              	.LCFI12:
 593              		.cfi_def_cfa_offset 4
 594              		.cfi_offset 14, -4
 595 000c 83B0     		sub	sp, sp, #12
 596              	.LCFI13:
 597              		.cfi_def_cfa_offset 16
 272:Core/Src/stm32f1xx_hal_msp.c ****   {
 273:Core/Src/stm32f1xx_hal_msp.c ****   /* USER CODE BEGIN TIM2_MspInit 0 */
 274:Core/Src/stm32f1xx_hal_msp.c **** 
 275:Core/Src/stm32f1xx_hal_msp.c ****   /* USER CODE END TIM2_MspInit 0 */
 276:Core/Src/stm32f1xx_hal_msp.c ****     /* Peripheral clock enable */
 277:Core/Src/stm32f1xx_hal_msp.c ****     __HAL_RCC_TIM2_CLK_ENABLE();
 598              		.loc 1 277 5 is_stmt 1 view .LVU143
 599              	.LBB11:
 600              		.loc 1 277 5 view .LVU144
 601              		.loc 1 277 5 view .LVU145
 602 000e 03F50433 		add	r3, r3, #135168
 603 0012 DA69     		ldr	r2, [r3, #28]
 604 0014 42F00102 		orr	r2, r2, #1
 605 0018 DA61     		str	r2, [r3, #28]
 606              		.loc 1 277 5 view .LVU146
 607 001a DB69     		ldr	r3, [r3, #28]
 608 001c 03F00103 		and	r3, r3, #1
 609 0020 0193     		str	r3, [sp, #4]
 610              		.loc 1 277 5 view .LVU147
 611 0022 019B     		ldr	r3, [sp, #4]
 612              	.LBE11:
 613              		.loc 1 277 5 view .LVU148
 278:Core/Src/stm32f1xx_hal_msp.c ****     /* TIM2 interrupt Init */
 279:Core/Src/stm32f1xx_hal_msp.c ****     HAL_NVIC_SetPriority(TIM2_IRQn, 1, 0);
 614              		.loc 1 279 5 view .LVU149
 615 0024 0022     		movs	r2, #0
 616 0026 0121     		movs	r1, #1
 617 0028 1C20     		movs	r0, #28
 618              	.LVL43:
ARM GAS  C:\Users\tiend\AppData\Local\Temp\cc7zlq7N.s 			page 18


 619              		.loc 1 279 5 is_stmt 0 view .LVU150
 620 002a FFF7FEFF 		bl	HAL_NVIC_SetPriority
 621              	.LVL44:
 280:Core/Src/stm32f1xx_hal_msp.c ****     HAL_NVIC_EnableIRQ(TIM2_IRQn);
 622              		.loc 1 280 5 is_stmt 1 view .LVU151
 623 002e 1C20     		movs	r0, #28
 624 0030 FFF7FEFF 		bl	HAL_NVIC_EnableIRQ
 625              	.LVL45:
 281:Core/Src/stm32f1xx_hal_msp.c ****   /* USER CODE BEGIN TIM2_MspInit 1 */
 282:Core/Src/stm32f1xx_hal_msp.c **** 
 283:Core/Src/stm32f1xx_hal_msp.c ****   /* USER CODE END TIM2_MspInit 1 */
 284:Core/Src/stm32f1xx_hal_msp.c ****   }
 285:Core/Src/stm32f1xx_hal_msp.c **** 
 286:Core/Src/stm32f1xx_hal_msp.c **** }
 626              		.loc 1 286 1 is_stmt 0 view .LVU152
 627 0034 03B0     		add	sp, sp, #12
 628              	.LCFI14:
 629              		.cfi_def_cfa_offset 4
 630              		@ sp needed
 631 0036 5DF804FB 		ldr	pc, [sp], #4
 632              		.cfi_endproc
 633              	.LFE70:
 635              		.section	.text.HAL_TIM_Base_MspDeInit,"ax",%progbits
 636              		.align	1
 637              		.global	HAL_TIM_Base_MspDeInit
 638              		.syntax unified
 639              		.thumb
 640              		.thumb_func
 642              	HAL_TIM_Base_MspDeInit:
 643              	.LVL46:
 644              	.LFB71:
 287:Core/Src/stm32f1xx_hal_msp.c **** 
 288:Core/Src/stm32f1xx_hal_msp.c **** /**
 289:Core/Src/stm32f1xx_hal_msp.c **** * @brief TIM_Base MSP De-Initialization
 290:Core/Src/stm32f1xx_hal_msp.c **** * This function freeze the hardware resources used in this example
 291:Core/Src/stm32f1xx_hal_msp.c **** * @param htim_base: TIM_Base handle pointer
 292:Core/Src/stm32f1xx_hal_msp.c **** * @retval None
 293:Core/Src/stm32f1xx_hal_msp.c **** */
 294:Core/Src/stm32f1xx_hal_msp.c **** void HAL_TIM_Base_MspDeInit(TIM_HandleTypeDef* htim_base)
 295:Core/Src/stm32f1xx_hal_msp.c **** {
 645              		.loc 1 295 1 is_stmt 1 view -0
 646              		.cfi_startproc
 647              		@ args = 0, pretend = 0, frame = 0
 648              		@ frame_needed = 0, uses_anonymous_args = 0
 649              		.loc 1 295 1 is_stmt 0 view .LVU154
 650 0000 08B5     		push	{r3, lr}
 651              	.LCFI15:
 652              		.cfi_def_cfa_offset 8
 653              		.cfi_offset 3, -8
 654              		.cfi_offset 14, -4
 296:Core/Src/stm32f1xx_hal_msp.c ****   if(htim_base->Instance==TIM2)
 655              		.loc 1 296 3 is_stmt 1 view .LVU155
 656              		.loc 1 296 15 is_stmt 0 view .LVU156
 657 0002 0368     		ldr	r3, [r0]
 658              		.loc 1 296 5 view .LVU157
 659 0004 B3F1804F 		cmp	r3, #1073741824
 660 0008 00D0     		beq	.L43
ARM GAS  C:\Users\tiend\AppData\Local\Temp\cc7zlq7N.s 			page 19


 661              	.LVL47:
 662              	.L40:
 297:Core/Src/stm32f1xx_hal_msp.c ****   {
 298:Core/Src/stm32f1xx_hal_msp.c ****   /* USER CODE BEGIN TIM2_MspDeInit 0 */
 299:Core/Src/stm32f1xx_hal_msp.c **** 
 300:Core/Src/stm32f1xx_hal_msp.c ****   /* USER CODE END TIM2_MspDeInit 0 */
 301:Core/Src/stm32f1xx_hal_msp.c ****     /* Peripheral clock disable */
 302:Core/Src/stm32f1xx_hal_msp.c ****     __HAL_RCC_TIM2_CLK_DISABLE();
 303:Core/Src/stm32f1xx_hal_msp.c **** 
 304:Core/Src/stm32f1xx_hal_msp.c ****     /* TIM2 interrupt DeInit */
 305:Core/Src/stm32f1xx_hal_msp.c ****     HAL_NVIC_DisableIRQ(TIM2_IRQn);
 306:Core/Src/stm32f1xx_hal_msp.c ****   /* USER CODE BEGIN TIM2_MspDeInit 1 */
 307:Core/Src/stm32f1xx_hal_msp.c **** 
 308:Core/Src/stm32f1xx_hal_msp.c ****   /* USER CODE END TIM2_MspDeInit 1 */
 309:Core/Src/stm32f1xx_hal_msp.c ****   }
 310:Core/Src/stm32f1xx_hal_msp.c **** 
 311:Core/Src/stm32f1xx_hal_msp.c **** }
 663              		.loc 1 311 1 view .LVU158
 664 000a 08BD     		pop	{r3, pc}
 665              	.LVL48:
 666              	.L43:
 302:Core/Src/stm32f1xx_hal_msp.c **** 
 667              		.loc 1 302 5 is_stmt 1 view .LVU159
 668 000c 044A     		ldr	r2, .L44
 669 000e D369     		ldr	r3, [r2, #28]
 670 0010 23F00103 		bic	r3, r3, #1
 671 0014 D361     		str	r3, [r2, #28]
 305:Core/Src/stm32f1xx_hal_msp.c ****   /* USER CODE BEGIN TIM2_MspDeInit 1 */
 672              		.loc 1 305 5 view .LVU160
 673 0016 1C20     		movs	r0, #28
 674              	.LVL49:
 305:Core/Src/stm32f1xx_hal_msp.c ****   /* USER CODE BEGIN TIM2_MspDeInit 1 */
 675              		.loc 1 305 5 is_stmt 0 view .LVU161
 676 0018 FFF7FEFF 		bl	HAL_NVIC_DisableIRQ
 677              	.LVL50:
 678              		.loc 1 311 1 view .LVU162
 679 001c F5E7     		b	.L40
 680              	.L45:
 681 001e 00BF     		.align	2
 682              	.L44:
 683 0020 00100240 		.word	1073876992
 684              		.cfi_endproc
 685              	.LFE71:
 687              		.section	.text.HAL_UART_MspInit,"ax",%progbits
 688              		.align	1
 689              		.global	HAL_UART_MspInit
 690              		.syntax unified
 691              		.thumb
 692              		.thumb_func
 694              	HAL_UART_MspInit:
 695              	.LVL51:
 696              	.LFB72:
 312:Core/Src/stm32f1xx_hal_msp.c **** 
 313:Core/Src/stm32f1xx_hal_msp.c **** /**
 314:Core/Src/stm32f1xx_hal_msp.c **** * @brief UART MSP Initialization
 315:Core/Src/stm32f1xx_hal_msp.c **** * This function configures the hardware resources used in this example
 316:Core/Src/stm32f1xx_hal_msp.c **** * @param huart: UART handle pointer
ARM GAS  C:\Users\tiend\AppData\Local\Temp\cc7zlq7N.s 			page 20


 317:Core/Src/stm32f1xx_hal_msp.c **** * @retval None
 318:Core/Src/stm32f1xx_hal_msp.c **** */
 319:Core/Src/stm32f1xx_hal_msp.c **** void HAL_UART_MspInit(UART_HandleTypeDef* huart)
 320:Core/Src/stm32f1xx_hal_msp.c **** {
 697              		.loc 1 320 1 is_stmt 1 view -0
 698              		.cfi_startproc
 699              		@ args = 0, pretend = 0, frame = 24
 700              		@ frame_needed = 0, uses_anonymous_args = 0
 701              		.loc 1 320 1 is_stmt 0 view .LVU164
 702 0000 10B5     		push	{r4, lr}
 703              	.LCFI16:
 704              		.cfi_def_cfa_offset 8
 705              		.cfi_offset 4, -8
 706              		.cfi_offset 14, -4
 707 0002 86B0     		sub	sp, sp, #24
 708              	.LCFI17:
 709              		.cfi_def_cfa_offset 32
 321:Core/Src/stm32f1xx_hal_msp.c ****   GPIO_InitTypeDef GPIO_InitStruct = {0};
 710              		.loc 1 321 3 is_stmt 1 view .LVU165
 711              		.loc 1 321 20 is_stmt 0 view .LVU166
 712 0004 0023     		movs	r3, #0
 713 0006 0293     		str	r3, [sp, #8]
 714 0008 0393     		str	r3, [sp, #12]
 715 000a 0493     		str	r3, [sp, #16]
 716 000c 0593     		str	r3, [sp, #20]
 322:Core/Src/stm32f1xx_hal_msp.c ****   if(huart->Instance==USART2)
 717              		.loc 1 322 3 is_stmt 1 view .LVU167
 718              		.loc 1 322 11 is_stmt 0 view .LVU168
 719 000e 0268     		ldr	r2, [r0]
 720              		.loc 1 322 5 view .LVU169
 721 0010 164B     		ldr	r3, .L50
 722 0012 9A42     		cmp	r2, r3
 723 0014 01D0     		beq	.L49
 724              	.LVL52:
 725              	.L46:
 323:Core/Src/stm32f1xx_hal_msp.c ****   {
 324:Core/Src/stm32f1xx_hal_msp.c ****   /* USER CODE BEGIN USART2_MspInit 0 */
 325:Core/Src/stm32f1xx_hal_msp.c **** 
 326:Core/Src/stm32f1xx_hal_msp.c ****   /* USER CODE END USART2_MspInit 0 */
 327:Core/Src/stm32f1xx_hal_msp.c ****     /* Peripheral clock enable */
 328:Core/Src/stm32f1xx_hal_msp.c ****     __HAL_RCC_USART2_CLK_ENABLE();
 329:Core/Src/stm32f1xx_hal_msp.c **** 
 330:Core/Src/stm32f1xx_hal_msp.c ****     __HAL_RCC_GPIOA_CLK_ENABLE();
 331:Core/Src/stm32f1xx_hal_msp.c ****     /**USART2 GPIO Configuration
 332:Core/Src/stm32f1xx_hal_msp.c ****     PA2     ------> USART2_TX
 333:Core/Src/stm32f1xx_hal_msp.c ****     PA3     ------> USART2_RX
 334:Core/Src/stm32f1xx_hal_msp.c ****     */
 335:Core/Src/stm32f1xx_hal_msp.c ****     GPIO_InitStruct.Pin = GPIO_PIN_2;
 336:Core/Src/stm32f1xx_hal_msp.c ****     GPIO_InitStruct.Mode = GPIO_MODE_AF_PP;
 337:Core/Src/stm32f1xx_hal_msp.c ****     GPIO_InitStruct.Speed = GPIO_SPEED_FREQ_HIGH;
 338:Core/Src/stm32f1xx_hal_msp.c ****     HAL_GPIO_Init(GPIOA, &GPIO_InitStruct);
 339:Core/Src/stm32f1xx_hal_msp.c **** 
 340:Core/Src/stm32f1xx_hal_msp.c ****     GPIO_InitStruct.Pin = GPIO_PIN_3;
 341:Core/Src/stm32f1xx_hal_msp.c ****     GPIO_InitStruct.Mode = GPIO_MODE_INPUT;
 342:Core/Src/stm32f1xx_hal_msp.c ****     GPIO_InitStruct.Pull = GPIO_NOPULL;
 343:Core/Src/stm32f1xx_hal_msp.c ****     HAL_GPIO_Init(GPIOA, &GPIO_InitStruct);
 344:Core/Src/stm32f1xx_hal_msp.c **** 
ARM GAS  C:\Users\tiend\AppData\Local\Temp\cc7zlq7N.s 			page 21


 345:Core/Src/stm32f1xx_hal_msp.c ****   /* USER CODE BEGIN USART2_MspInit 1 */
 346:Core/Src/stm32f1xx_hal_msp.c **** 
 347:Core/Src/stm32f1xx_hal_msp.c ****   /* USER CODE END USART2_MspInit 1 */
 348:Core/Src/stm32f1xx_hal_msp.c ****   }
 349:Core/Src/stm32f1xx_hal_msp.c **** 
 350:Core/Src/stm32f1xx_hal_msp.c **** }
 726              		.loc 1 350 1 view .LVU170
 727 0016 06B0     		add	sp, sp, #24
 728              	.LCFI18:
 729              		.cfi_remember_state
 730              		.cfi_def_cfa_offset 8
 731              		@ sp needed
 732 0018 10BD     		pop	{r4, pc}
 733              	.LVL53:
 734              	.L49:
 735              	.LCFI19:
 736              		.cfi_restore_state
 328:Core/Src/stm32f1xx_hal_msp.c **** 
 737              		.loc 1 328 5 is_stmt 1 view .LVU171
 738              	.LBB12:
 328:Core/Src/stm32f1xx_hal_msp.c **** 
 739              		.loc 1 328 5 view .LVU172
 328:Core/Src/stm32f1xx_hal_msp.c **** 
 740              		.loc 1 328 5 view .LVU173
 741 001a 03F5E633 		add	r3, r3, #117760
 742 001e DA69     		ldr	r2, [r3, #28]
 743 0020 42F40032 		orr	r2, r2, #131072
 744 0024 DA61     		str	r2, [r3, #28]
 328:Core/Src/stm32f1xx_hal_msp.c **** 
 745              		.loc 1 328 5 view .LVU174
 746 0026 DA69     		ldr	r2, [r3, #28]
 747 0028 02F40032 		and	r2, r2, #131072
 748 002c 0092     		str	r2, [sp]
 328:Core/Src/stm32f1xx_hal_msp.c **** 
 749              		.loc 1 328 5 view .LVU175
 750 002e 009A     		ldr	r2, [sp]
 751              	.LBE12:
 328:Core/Src/stm32f1xx_hal_msp.c **** 
 752              		.loc 1 328 5 view .LVU176
 330:Core/Src/stm32f1xx_hal_msp.c ****     /**USART2 GPIO Configuration
 753              		.loc 1 330 5 view .LVU177
 754              	.LBB13:
 330:Core/Src/stm32f1xx_hal_msp.c ****     /**USART2 GPIO Configuration
 755              		.loc 1 330 5 view .LVU178
 330:Core/Src/stm32f1xx_hal_msp.c ****     /**USART2 GPIO Configuration
 756              		.loc 1 330 5 view .LVU179
 757 0030 9A69     		ldr	r2, [r3, #24]
 758 0032 42F00402 		orr	r2, r2, #4
 759 0036 9A61     		str	r2, [r3, #24]
 330:Core/Src/stm32f1xx_hal_msp.c ****     /**USART2 GPIO Configuration
 760              		.loc 1 330 5 view .LVU180
 761 0038 9B69     		ldr	r3, [r3, #24]
 762 003a 03F00403 		and	r3, r3, #4
 763 003e 0193     		str	r3, [sp, #4]
 330:Core/Src/stm32f1xx_hal_msp.c ****     /**USART2 GPIO Configuration
 764              		.loc 1 330 5 view .LVU181
 765 0040 019B     		ldr	r3, [sp, #4]
ARM GAS  C:\Users\tiend\AppData\Local\Temp\cc7zlq7N.s 			page 22


 766              	.LBE13:
 330:Core/Src/stm32f1xx_hal_msp.c ****     /**USART2 GPIO Configuration
 767              		.loc 1 330 5 view .LVU182
 335:Core/Src/stm32f1xx_hal_msp.c ****     GPIO_InitStruct.Mode = GPIO_MODE_AF_PP;
 768              		.loc 1 335 5 view .LVU183
 335:Core/Src/stm32f1xx_hal_msp.c ****     GPIO_InitStruct.Mode = GPIO_MODE_AF_PP;
 769              		.loc 1 335 25 is_stmt 0 view .LVU184
 770 0042 0423     		movs	r3, #4
 771 0044 0293     		str	r3, [sp, #8]
 336:Core/Src/stm32f1xx_hal_msp.c ****     GPIO_InitStruct.Speed = GPIO_SPEED_FREQ_HIGH;
 772              		.loc 1 336 5 is_stmt 1 view .LVU185
 336:Core/Src/stm32f1xx_hal_msp.c ****     GPIO_InitStruct.Speed = GPIO_SPEED_FREQ_HIGH;
 773              		.loc 1 336 26 is_stmt 0 view .LVU186
 774 0046 0223     		movs	r3, #2
 775 0048 0393     		str	r3, [sp, #12]
 337:Core/Src/stm32f1xx_hal_msp.c ****     HAL_GPIO_Init(GPIOA, &GPIO_InitStruct);
 776              		.loc 1 337 5 is_stmt 1 view .LVU187
 337:Core/Src/stm32f1xx_hal_msp.c ****     HAL_GPIO_Init(GPIOA, &GPIO_InitStruct);
 777              		.loc 1 337 27 is_stmt 0 view .LVU188
 778 004a 0323     		movs	r3, #3
 779 004c 0593     		str	r3, [sp, #20]
 338:Core/Src/stm32f1xx_hal_msp.c **** 
 780              		.loc 1 338 5 is_stmt 1 view .LVU189
 781 004e 084C     		ldr	r4, .L50+4
 782 0050 02A9     		add	r1, sp, #8
 783 0052 2046     		mov	r0, r4
 784              	.LVL54:
 338:Core/Src/stm32f1xx_hal_msp.c **** 
 785              		.loc 1 338 5 is_stmt 0 view .LVU190
 786 0054 FFF7FEFF 		bl	HAL_GPIO_Init
 787              	.LVL55:
 340:Core/Src/stm32f1xx_hal_msp.c ****     GPIO_InitStruct.Mode = GPIO_MODE_INPUT;
 788              		.loc 1 340 5 is_stmt 1 view .LVU191
 340:Core/Src/stm32f1xx_hal_msp.c ****     GPIO_InitStruct.Mode = GPIO_MODE_INPUT;
 789              		.loc 1 340 25 is_stmt 0 view .LVU192
 790 0058 0823     		movs	r3, #8
 791 005a 0293     		str	r3, [sp, #8]
 341:Core/Src/stm32f1xx_hal_msp.c ****     GPIO_InitStruct.Pull = GPIO_NOPULL;
 792              		.loc 1 341 5 is_stmt 1 view .LVU193
 341:Core/Src/stm32f1xx_hal_msp.c ****     GPIO_InitStruct.Pull = GPIO_NOPULL;
 793              		.loc 1 341 26 is_stmt 0 view .LVU194
 794 005c 0023     		movs	r3, #0
 795 005e 0393     		str	r3, [sp, #12]
 342:Core/Src/stm32f1xx_hal_msp.c ****     HAL_GPIO_Init(GPIOA, &GPIO_InitStruct);
 796              		.loc 1 342 5 is_stmt 1 view .LVU195
 342:Core/Src/stm32f1xx_hal_msp.c ****     HAL_GPIO_Init(GPIOA, &GPIO_InitStruct);
 797              		.loc 1 342 26 is_stmt 0 view .LVU196
 798 0060 0493     		str	r3, [sp, #16]
 343:Core/Src/stm32f1xx_hal_msp.c **** 
 799              		.loc 1 343 5 is_stmt 1 view .LVU197
 800 0062 02A9     		add	r1, sp, #8
 801 0064 2046     		mov	r0, r4
 802 0066 FFF7FEFF 		bl	HAL_GPIO_Init
 803              	.LVL56:
 804              		.loc 1 350 1 is_stmt 0 view .LVU198
 805 006a D4E7     		b	.L46
 806              	.L51:
ARM GAS  C:\Users\tiend\AppData\Local\Temp\cc7zlq7N.s 			page 23


 807              		.align	2
 808              	.L50:
 809 006c 00440040 		.word	1073759232
 810 0070 00080140 		.word	1073809408
 811              		.cfi_endproc
 812              	.LFE72:
 814              		.section	.text.HAL_UART_MspDeInit,"ax",%progbits
 815              		.align	1
 816              		.global	HAL_UART_MspDeInit
 817              		.syntax unified
 818              		.thumb
 819              		.thumb_func
 821              	HAL_UART_MspDeInit:
 822              	.LVL57:
 823              	.LFB73:
 351:Core/Src/stm32f1xx_hal_msp.c **** 
 352:Core/Src/stm32f1xx_hal_msp.c **** /**
 353:Core/Src/stm32f1xx_hal_msp.c **** * @brief UART MSP De-Initialization
 354:Core/Src/stm32f1xx_hal_msp.c **** * This function freeze the hardware resources used in this example
 355:Core/Src/stm32f1xx_hal_msp.c **** * @param huart: UART handle pointer
 356:Core/Src/stm32f1xx_hal_msp.c **** * @retval None
 357:Core/Src/stm32f1xx_hal_msp.c **** */
 358:Core/Src/stm32f1xx_hal_msp.c **** void HAL_UART_MspDeInit(UART_HandleTypeDef* huart)
 359:Core/Src/stm32f1xx_hal_msp.c **** {
 824              		.loc 1 359 1 is_stmt 1 view -0
 825              		.cfi_startproc
 826              		@ args = 0, pretend = 0, frame = 0
 827              		@ frame_needed = 0, uses_anonymous_args = 0
 828              		.loc 1 359 1 is_stmt 0 view .LVU200
 829 0000 08B5     		push	{r3, lr}
 830              	.LCFI20:
 831              		.cfi_def_cfa_offset 8
 832              		.cfi_offset 3, -8
 833              		.cfi_offset 14, -4
 360:Core/Src/stm32f1xx_hal_msp.c ****   if(huart->Instance==USART2)
 834              		.loc 1 360 3 is_stmt 1 view .LVU201
 835              		.loc 1 360 11 is_stmt 0 view .LVU202
 836 0002 0268     		ldr	r2, [r0]
 837              		.loc 1 360 5 view .LVU203
 838 0004 064B     		ldr	r3, .L56
 839 0006 9A42     		cmp	r2, r3
 840 0008 00D0     		beq	.L55
 841              	.LVL58:
 842              	.L52:
 361:Core/Src/stm32f1xx_hal_msp.c ****   {
 362:Core/Src/stm32f1xx_hal_msp.c ****   /* USER CODE BEGIN USART2_MspDeInit 0 */
 363:Core/Src/stm32f1xx_hal_msp.c **** 
 364:Core/Src/stm32f1xx_hal_msp.c ****   /* USER CODE END USART2_MspDeInit 0 */
 365:Core/Src/stm32f1xx_hal_msp.c ****     /* Peripheral clock disable */
 366:Core/Src/stm32f1xx_hal_msp.c ****     __HAL_RCC_USART2_CLK_DISABLE();
 367:Core/Src/stm32f1xx_hal_msp.c **** 
 368:Core/Src/stm32f1xx_hal_msp.c ****     /**USART2 GPIO Configuration
 369:Core/Src/stm32f1xx_hal_msp.c ****     PA2     ------> USART2_TX
 370:Core/Src/stm32f1xx_hal_msp.c ****     PA3     ------> USART2_RX
 371:Core/Src/stm32f1xx_hal_msp.c ****     */
 372:Core/Src/stm32f1xx_hal_msp.c ****     HAL_GPIO_DeInit(GPIOA, GPIO_PIN_2|GPIO_PIN_3);
 373:Core/Src/stm32f1xx_hal_msp.c **** 
ARM GAS  C:\Users\tiend\AppData\Local\Temp\cc7zlq7N.s 			page 24


 374:Core/Src/stm32f1xx_hal_msp.c ****   /* USER CODE BEGIN USART2_MspDeInit 1 */
 375:Core/Src/stm32f1xx_hal_msp.c **** 
 376:Core/Src/stm32f1xx_hal_msp.c ****   /* USER CODE END USART2_MspDeInit 1 */
 377:Core/Src/stm32f1xx_hal_msp.c ****   }
 378:Core/Src/stm32f1xx_hal_msp.c **** 
 379:Core/Src/stm32f1xx_hal_msp.c **** }
 843              		.loc 1 379 1 view .LVU204
 844 000a 08BD     		pop	{r3, pc}
 845              	.LVL59:
 846              	.L55:
 366:Core/Src/stm32f1xx_hal_msp.c **** 
 847              		.loc 1 366 5 is_stmt 1 view .LVU205
 848 000c 054A     		ldr	r2, .L56+4
 849 000e D369     		ldr	r3, [r2, #28]
 850 0010 23F40033 		bic	r3, r3, #131072
 851 0014 D361     		str	r3, [r2, #28]
 372:Core/Src/stm32f1xx_hal_msp.c **** 
 852              		.loc 1 372 5 view .LVU206
 853 0016 0C21     		movs	r1, #12
 854 0018 0348     		ldr	r0, .L56+8
 855              	.LVL60:
 372:Core/Src/stm32f1xx_hal_msp.c **** 
 856              		.loc 1 372 5 is_stmt 0 view .LVU207
 857 001a FFF7FEFF 		bl	HAL_GPIO_DeInit
 858              	.LVL61:
 859              		.loc 1 379 1 view .LVU208
 860 001e F4E7     		b	.L52
 861              	.L57:
 862              		.align	2
 863              	.L56:
 864 0020 00440040 		.word	1073759232
 865 0024 00100240 		.word	1073876992
 866 0028 00080140 		.word	1073809408
 867              		.cfi_endproc
 868              	.LFE73:
 870              		.text
 871              	.Letext0:
 872              		.file 2 "c:\\program files (x86)\\gnu arm embedded toolchain\\10 2021.10\\arm-none-eabi\\include\\
 873              		.file 3 "c:\\program files (x86)\\gnu arm embedded toolchain\\10 2021.10\\arm-none-eabi\\include\\
 874              		.file 4 "Drivers/CMSIS/Device/ST/STM32F1xx/Include/stm32f103xb.h"
 875              		.file 5 "Drivers/CMSIS/Device/ST/STM32F1xx/Include/stm32f1xx.h"
 876              		.file 6 "Drivers/STM32F1xx_HAL_Driver/Inc/stm32f1xx_hal_def.h"
 877              		.file 7 "Drivers/STM32F1xx_HAL_Driver/Inc/stm32f1xx_hal_gpio.h"
 878              		.file 8 "Drivers/STM32F1xx_HAL_Driver/Inc/stm32f1xx_hal_dma.h"
 879              		.file 9 "Drivers/STM32F1xx_HAL_Driver/Inc/stm32f1xx_hal_can.h"
 880              		.file 10 "Drivers/STM32F1xx_HAL_Driver/Inc/stm32f1xx_hal_adc.h"
 881              		.file 11 "Drivers/STM32F1xx_HAL_Driver/Inc/stm32f1xx_hal_tim.h"
 882              		.file 12 "Drivers/STM32F1xx_HAL_Driver/Inc/stm32f1xx_hal_uart.h"
 883              		.file 13 "Drivers/STM32F1xx_HAL_Driver/Inc/stm32f1xx_hal_cortex.h"
ARM GAS  C:\Users\tiend\AppData\Local\Temp\cc7zlq7N.s 			page 25


DEFINED SYMBOLS
                            *ABS*:00000000 stm32f1xx_hal_msp.c
C:\Users\tiend\AppData\Local\Temp\cc7zlq7N.s:18     .text.HAL_MspInit:00000000 $t
C:\Users\tiend\AppData\Local\Temp\cc7zlq7N.s:24     .text.HAL_MspInit:00000000 HAL_MspInit
C:\Users\tiend\AppData\Local\Temp\cc7zlq7N.s:91     .text.HAL_MspInit:0000003c $d
C:\Users\tiend\AppData\Local\Temp\cc7zlq7N.s:97     .text.HAL_ADC_MspInit:00000000 $t
C:\Users\tiend\AppData\Local\Temp\cc7zlq7N.s:103    .text.HAL_ADC_MspInit:00000000 HAL_ADC_MspInit
C:\Users\tiend\AppData\Local\Temp\cc7zlq7N.s:250    .text.HAL_ADC_MspInit:00000094 $d
C:\Users\tiend\AppData\Local\Temp\cc7zlq7N.s:258    .text.HAL_ADC_MspDeInit:00000000 $t
C:\Users\tiend\AppData\Local\Temp\cc7zlq7N.s:264    .text.HAL_ADC_MspDeInit:00000000 HAL_ADC_MspDeInit
C:\Users\tiend\AppData\Local\Temp\cc7zlq7N.s:327    .text.HAL_ADC_MspDeInit:00000040 $d
C:\Users\tiend\AppData\Local\Temp\cc7zlq7N.s:334    .text.HAL_CAN_MspInit:00000000 $t
C:\Users\tiend\AppData\Local\Temp\cc7zlq7N.s:340    .text.HAL_CAN_MspInit:00000000 HAL_CAN_MspInit
C:\Users\tiend\AppData\Local\Temp\cc7zlq7N.s:491    .text.HAL_CAN_MspInit:000000ac $d
C:\Users\tiend\AppData\Local\Temp\cc7zlq7N.s:497    .text.HAL_CAN_MspDeInit:00000000 $t
C:\Users\tiend\AppData\Local\Temp\cc7zlq7N.s:503    .text.HAL_CAN_MspDeInit:00000000 HAL_CAN_MspDeInit
C:\Users\tiend\AppData\Local\Temp\cc7zlq7N.s:562    .text.HAL_CAN_MspDeInit:0000003c $d
C:\Users\tiend\AppData\Local\Temp\cc7zlq7N.s:569    .text.HAL_TIM_Base_MspInit:00000000 $t
C:\Users\tiend\AppData\Local\Temp\cc7zlq7N.s:575    .text.HAL_TIM_Base_MspInit:00000000 HAL_TIM_Base_MspInit
C:\Users\tiend\AppData\Local\Temp\cc7zlq7N.s:636    .text.HAL_TIM_Base_MspDeInit:00000000 $t
C:\Users\tiend\AppData\Local\Temp\cc7zlq7N.s:642    .text.HAL_TIM_Base_MspDeInit:00000000 HAL_TIM_Base_MspDeInit
C:\Users\tiend\AppData\Local\Temp\cc7zlq7N.s:683    .text.HAL_TIM_Base_MspDeInit:00000020 $d
C:\Users\tiend\AppData\Local\Temp\cc7zlq7N.s:688    .text.HAL_UART_MspInit:00000000 $t
C:\Users\tiend\AppData\Local\Temp\cc7zlq7N.s:694    .text.HAL_UART_MspInit:00000000 HAL_UART_MspInit
C:\Users\tiend\AppData\Local\Temp\cc7zlq7N.s:809    .text.HAL_UART_MspInit:0000006c $d
C:\Users\tiend\AppData\Local\Temp\cc7zlq7N.s:815    .text.HAL_UART_MspDeInit:00000000 $t
C:\Users\tiend\AppData\Local\Temp\cc7zlq7N.s:821    .text.HAL_UART_MspDeInit:00000000 HAL_UART_MspDeInit
C:\Users\tiend\AppData\Local\Temp\cc7zlq7N.s:864    .text.HAL_UART_MspDeInit:00000020 $d

UNDEFINED SYMBOLS
HAL_GPIO_Init
HAL_GPIO_DeInit
HAL_NVIC_SetPriority
HAL_NVIC_EnableIRQ
HAL_NVIC_DisableIRQ
